000 (413887.000.000) 07/26 13:13:17 Job submitted from host: <131.225.190.76:26909?addrs=131.225.190.76-26909>
...
001 (413887.000.000) 07/26 13:13:36 Job executing on host: <131.225.191.148:43686>
...
006 (413887.000.000) 07/26 13:13:46 Image size of job updated: 279620
	103  -  MemoryUsage of job (MB)
	104968  -  ResidentSetSize of job (KB)
...
006 (413887.000.000) 07/26 13:13:57 Image size of job updated: 4899704
	103  -  MemoryUsage of job (MB)
	104968  -  ResidentSetSize of job (KB)
...
005 (413887.000.000) 07/26 13:13:57 Job terminated.
	(1) Normal termination (return value 0)
		Usr 0 00:00:06, Sys 0 00:00:08  -  Run Remote Usage
		Usr 0 00:00:00, Sys 0 00:00:00  -  Run Local Usage
		Usr 0 00:00:06, Sys 0 00:00:08  -  Total Remote Usage
		Usr 0 00:00:00, Sys 0 00:00:00  -  Total Local Usage
	2656  -  Run Bytes Sent By Job
	79156  -  Run Bytes Received By Job
	2656  -  Total Bytes Sent By Job
	79156  -  Total Bytes Received By Job
	Partitionable Resources :    Usage  Request Allocated
	   Cpus                 :                 1         1
	   Disk (KB)            :      563 10000000  11709680
	   Memory (MB)          :      103    10000     10000
...
000 (413888.000.000) 07/26 13:30:57 Job submitted from host: <131.225.190.76:26909?addrs=131.225.190.76-26909>
...
001 (413888.000.000) 07/26 13:31:06 Job executing on host: <131.225.204.42:36406>
...
006 (413888.000.000) 07/26 13:31:14 Image size of job updated: 1
	3  -  MemoryUsage of job (MB)
	2472  -  ResidentSetSize of job (KB)
...
006 (413888.000.000) 07/26 13:32:14 Image size of job updated: 4905196
	4295  -  MemoryUsage of job (MB)
	4397436  -  ResidentSetSize of job (KB)
...
006 (413888.000.000) 07/26 13:33:14 Image size of job updated: 4905196
	4295  -  MemoryUsage of job (MB)
	4397508  -  ResidentSetSize of job (KB)
...
006 (413888.000.000) 07/26 13:35:15 Image size of job updated: 4905748
	4295  -  MemoryUsage of job (MB)
	4398068  -  ResidentSetSize of job (KB)
...
006 (413888.000.000) 07/26 13:36:16 Image size of job updated: 4905748
	4295  -  MemoryUsage of job (MB)
	4398080  -  ResidentSetSize of job (KB)
...
006 (413888.000.000) 07/26 13:38:18 Image size of job updated: 4905748
	4296  -  MemoryUsage of job (MB)
	4398088  -  ResidentSetSize of job (KB)
...
006 (413888.000.000) 07/26 13:40:20 Image size of job updated: 5011524
	4399  -  MemoryUsage of job (MB)
	4503964  -  ResidentSetSize of job (KB)
...
006 (413888.000.000) 07/26 13:46:22 Image size of job updated: 5011524
	4400  -  MemoryUsage of job (MB)
	4504712  -  ResidentSetSize of job (KB)
...
006 (413888.000.000) 07/26 13:47:22 Image size of job updated: 5016368
	4404  -  MemoryUsage of job (MB)
	4509556  -  ResidentSetSize of job (KB)
...
006 (413888.000.000) 07/26 13:50:23 Image size of job updated: 5016368
	4404  -  MemoryUsage of job (MB)
	4509564  -  ResidentSetSize of job (KB)
...
006 (413888.000.000) 07/26 13:51:24 Image size of job updated: 5016368
	4404  -  MemoryUsage of job (MB)
	4509632  -  ResidentSetSize of job (KB)
...
006 (413888.000.000) 07/26 13:52:25 Image size of job updated: 5016368
	4404  -  MemoryUsage of job (MB)
	4509688  -  ResidentSetSize of job (KB)
...
006 (413888.000.000) 07/26 13:53:26 Image size of job updated: 5016368
	4404  -  MemoryUsage of job (MB)
	4509692  -  ResidentSetSize of job (KB)
...
006 (413888.000.000) 07/26 14:03:30 Image size of job updated: 5016368
	4404  -  MemoryUsage of job (MB)
	4509696  -  ResidentSetSize of job (KB)
...
006 (413888.000.000) 07/26 14:12:38 Image size of job updated: 5016368
	4405  -  MemoryUsage of job (MB)
	4509700  -  ResidentSetSize of job (KB)
...
006 (413888.000.000) 07/26 14:29:45 Image size of job updated: 5016368
	4405  -  MemoryUsage of job (MB)
	4510676  -  ResidentSetSize of job (KB)
...
006 (413888.000.000) 07/26 15:07:07 Image size of job updated: 5016368
	4405  -  MemoryUsage of job (MB)
	4510704  -  ResidentSetSize of job (KB)
...
000 (413891.000.000) 07/26 16:35:46 Job submitted from host: <131.225.190.76:26909?addrs=131.225.190.76-26909>
...
009 (413891.000.000) 07/26 17:11:21 Job was aborted by the user.
	via condor_rm (by user mkrohn)
...
005 (413888.000.000) 07/27 05:41:44 Job terminated.
	(1) Normal termination (return value 0)
		Usr 0 15:36:02, Sys 0 00:11:43  -  Run Remote Usage
		Usr 0 00:00:00, Sys 0 00:00:00  -  Run Local Usage
		Usr 0 15:36:02, Sys 0 00:11:43  -  Total Remote Usage
		Usr 0 00:00:00, Sys 0 00:00:00  -  Total Local Usage
	3522899  -  Run Bytes Sent By Job
	79149  -  Run Bytes Received By Job
	3522899  -  Total Bytes Sent By Job
	79149  -  Total Bytes Received By Job
	Partitionable Resources :    Usage  Request Allocated
	   Cpus                 :                 1         1
	   Disk (KB)            :  4034871 10000000  10463703
	   Memory (MB)          :     4405    10000     10000
...
