QCD_HT1500to2000
QCD_HT1500to2000_0.root
--pathIn=root://cmsxrootd.fnal.gov//store/user/mkrohn/HHTo4b/SkimmedHeppy_nTuples/
['root://cmsxrootd.fnal.gov//store/user/mkrohn/HHTo4b/SkimmedHeppy_nTuples/QCD_HT1500to2000_TuneCUETP8M1_13TeV-madgraphMLM-pythia8.root']
root://cmsxrootd.fnal.gov//store/user/mkrohn/HHTo4b/SkimmedHeppy_nTuples/QCD_HT1500to2000_TuneCUETP8M1_13TeV-madgraphMLM-pythia8.root
Start looping
processing events 1000
processing events 2000
processing events 3000
processing events 4000
processing events 5000
processing events 6000
processing events 7000
processing events 8000
processing events 9000
processing events 10000
processing events 11000
processing events 12000
processing events 13000
processing events 14000
processing events 15000
processing events 16000
processing events 17000
processing events 18000
processing events 19000
processing events 20000
processing events 21000
processing events 22000
processing events 23000
processing events 24000
processing events 25000
processing events 26000
processing events 27000
processing events 28000
processing events 29000
processing events 30000
processing events 31000
processing events 32000
processing events 33000
processing events 34000
processing events 35000
processing events 36000
processing events 37000
processing events 38000
processing events 39000
processing events 40000
processing events 41000
processing events 42000
processing events 43000
processing events 44000
processing events 45000
processing events 46000
processing events 47000
processing events 48000
processing events 49000
processing events 50000
processing events 51000
processing events 52000
processing events 53000
processing events 54000
processing events 55000
processing events 56000
processing events 57000
processing events 58000
processing events 59000
processing events 60000
processing events 61000
processing events 62000
processing events 63000
processing events 64000
processing events 65000
processing events 66000
processing events 67000
processing events 68000
processing events 69000
processing events 70000
processing events 71000
processing events 72000
processing events 73000
processing events 74000
processing events 75000
processing events 76000
processing events 77000
processing events 78000
processing events 79000
processing events 80000
processing events 81000
processing events 82000
processing events 83000
processing events 84000
processing events 85000
processing events 86000
processing events 87000
processing events 88000
processing events 89000
processing events 90000
processing events 91000
processing events 92000
processing events 93000
processing events 94000
processing events 95000
processing events 96000
processing events 97000
processing events 98000
processing events 99000
processing events 100000
processing events 101000
processing events 102000
processing events 103000
processing events 104000
processing events 105000
processing events 106000
processing events 107000
processing events 108000
processing events 109000
processing events 110000
processing events 111000
processing events 112000
processing events 113000
processing events 114000
processing events 115000
processing events 116000
processing events 117000
processing events 118000
processing events 119000
processing events 120000
processing events 121000
processing events 122000
processing events 123000
processing events 124000
processing events 125000
processing events 126000
processing events 127000
processing events 128000
processing events 129000
processing events 130000
processing events 131000
processing events 132000
processing events 133000
processing events 134000
processing events 135000
processing events 136000
processing events 137000
processing events 138000
processing events 139000
processing events 140000
processing events 141000
processing events 142000
processing events 143000
processing events 144000
processing events 145000
processing events 146000
processing events 147000
processing events 148000
processing events 149000
processing events 150000
processing events 151000
processing events 152000
processing events 153000
processing events 154000
processing events 155000
processing events 156000
processing events 157000
processing events 158000
processing events 159000
processing events 160000
processing events 161000
processing events 162000
processing events 163000
processing events 164000
processing events 165000
processing events 166000
processing events 167000
processing events 168000
processing events 169000
processing events 170000
processing events 171000
processing events 172000
processing events 173000
processing events 174000
processing events 175000
processing events 176000
processing events 177000
processing events 178000
processing events 179000
processing events 180000
processing events 181000
processing events 182000
processing events 183000
processing events 184000
processing events 185000
processing events 186000
processing events 187000
processing events 188000
processing events 189000
processing events 190000
processing events 191000
processing events 192000
processing events 193000
processing events 194000
processing events 195000
processing events 196000
processing events 197000
processing events 198000
processing events 199000
processing events 200000
processing events 201000
processing events 202000
processing events 203000
processing events 204000
processing events 205000
processing events 206000
processing events 207000
processing events 208000
processing events 209000
processing events 210000
processing events 211000
processing events 212000
processing events 213000
processing events 214000
processing events 215000
processing events 216000
processing events 217000
processing events 218000
processing events 219000
processing events 220000
processing events 221000
processing events 222000
processing events 223000
processing events 224000
processing events 225000
processing events 226000
processing events 227000
processing events 228000
processing events 229000
processing events 230000
processing events 231000
processing events 232000
processing events 233000
processing events 234000
processing events 235000
processing events 236000
processing events 237000
processing events 238000
processing events 239000
processing events 240000
processing events 241000
processing events 242000
processing events 243000
processing events 244000
processing events 245000
processing events 246000
processing events 247000
processing events 248000
processing events 249000
processing events 250000
processing events 251000
processing events 252000
processing events 253000
processing events 254000
processing events 255000
processing events 256000
processing events 257000
processing events 258000
processing events 259000
processing events 260000
processing events 261000
processing events 262000
processing events 263000
processing events 264000
processing events 265000
processing events 266000
processing events 267000
processing events 268000
processing events 269000
processing events 270000
processing events 271000
processing events 272000
processing events 273000
processing events 274000
processing events 275000
processing events 276000
processing events 277000
processing events 278000
processing events 279000
processing events 280000
processing events 281000
processing events 282000
processing events 283000
processing events 284000
processing events 285000
processing events 286000
processing events 287000
processing events 288000
processing events 289000
processing events 290000
processing events 291000
processing events 292000
processing events 293000
processing events 294000
processing events 295000
processing events 296000
processing events 297000
processing events 298000
processing events 299000
processing events 300000
processing events 301000
processing events 302000
processing events 303000
processing events 304000
processing events 305000
processing events 306000
processing events 307000
processing events 308000
processing events 309000
processing events 310000
processing events 311000
processing events 312000
processing events 313000
processing events 314000
processing events 315000
processing events 316000
processing events 317000
processing events 318000
processing events 319000
processing events 320000
processing events 321000
processing events 322000
processing events 323000
processing events 324000
processing events 325000
processing events 326000
processing events 327000
processing events 328000
processing events 329000
processing events 330000
processing events 331000
processing events 332000
processing events 333000
processing events 334000
processing events 335000
processing events 336000
processing events 337000
processing events 338000
processing events 339000
processing events 340000
processing events 341000
processing events 342000
processing events 343000
processing events 344000
processing events 345000
processing events 346000
processing events 347000
processing events 348000
processing events 349000
processing events 350000
processing events 351000
processing events 352000
processing events 353000
processing events 354000
processing events 355000
processing events 356000
processing events 357000
processing events 358000
processing events 359000
processing events 360000
processing events 361000
processing events 362000
processing events 363000
processing events 364000
processing events 365000
processing events 366000
processing events 367000
processing events 368000
processing events 369000
processing events 370000
processing events 371000
processing events 372000
processing events 373000
processing events 374000
processing events 375000
processing events 376000
processing events 377000
processing events 378000
processing events 379000
processing events 380000
processing events 381000
processing events 382000
processing events 383000
processing events 384000
processing events 385000
processing events 386000
processing events 387000
processing events 388000
processing events 389000
processing events 390000
processing events 391000
processing events 392000
processing events 393000
processing events 394000
processing events 395000
processing events 396000
processing events 397000
processing events 398000
processing events 399000
processing events 400000
processing events 401000
processing events 402000
processing events 403000
processing events 404000
processing events 405000
processing events 406000
processing events 407000
processing events 408000
processing events 409000
processing events 410000
processing events 411000
processing events 412000
processing events 413000
processing events 414000
processing events 415000
processing events 416000
processing events 417000
processing events 418000
processing events 419000
processing events 420000
processing events 421000
processing events 422000
processing events 423000
processing events 424000
processing events 425000
processing events 426000
processing events 427000
processing events 428000
processing events 429000
processing events 430000
processing events 431000
processing events 432000
processing events 433000
processing events 434000
processing events 435000
processing events 436000
processing events 437000
processing events 438000
processing events 439000
processing events 440000
processing events 441000
processing events 442000
processing events 443000
processing events 444000
processing events 445000
processing events 446000
processing events 447000
processing events 448000
processing events 449000
processing events 450000
processing events 451000
processing events 452000
processing events 453000
processing events 454000
processing events 455000
processing events 456000
processing events 457000
processing events 458000
processing events 459000
processing events 460000
processing events 461000
processing events 462000
processing events 463000
processing events 464000
processing events 465000
processing events 466000
processing events 467000
processing events 468000
processing events 469000
processing events 470000
processing events 471000
processing events 472000
processing events 473000
processing events 474000
processing events 475000
processing events 476000
processing events 477000
processing events 478000
processing events 479000
processing events 480000
processing events 481000
processing events 482000
processing events 483000
processing events 484000
processing events 485000
processing events 486000
processing events 487000
processing events 488000
processing events 489000
processing events 490000
processing events 491000
processing events 492000
processing events 493000
processing events 494000
processing events 495000
processing events 496000
processing events 497000
processing events 498000
processing events 499000
processing events 500000
processing events 501000
processing events 502000
processing events 503000
processing events 504000
processing events 505000
processing events 506000
processing events 507000
processing events 508000
processing events 509000
processing events 510000
processing events 511000
processing events 512000
processing events 513000
processing events 514000
processing events 515000
processing events 516000
processing events 517000
processing events 518000
processing events 519000
processing events 520000
processing events 521000
processing events 522000
processing events 523000
processing events 524000
processing events 525000
processing events 526000
processing events 527000
processing events 528000
processing events 529000
processing events 530000
processing events 531000
processing events 532000
processing events 533000
processing events 534000
processing events 535000
processing events 536000
processing events 537000
processing events 538000
processing events 539000
processing events 540000
processing events 541000
processing events 542000
processing events 543000
processing events 544000
processing events 545000
processing events 546000
processing events 547000
processing events 548000
processing events 549000
processing events 550000
processing events 551000
processing events 552000
processing events 553000
processing events 554000
processing events 555000
processing events 556000
processing events 557000
processing events 558000
processing events 559000
processing events 560000
processing events 561000
processing events 562000
processing events 563000
processing events 564000
processing events 565000
processing events 566000
processing events 567000
processing events 568000
processing events 569000
processing events 570000
processing events 571000
processing events 572000
processing events 573000
processing events 574000
processing events 575000
processing events 576000
processing events 577000
processing events 578000
processing events 579000
processing events 580000
processing events 581000
processing events 582000
processing events 583000
processing events 584000
processing events 585000
processing events 586000
processing events 587000
processing events 588000
processing events 589000
processing events 590000
processing events 591000
processing events 592000
processing events 593000
processing events 594000
processing events 595000
processing events 596000
processing events 597000
processing events 598000
processing events 599000
processing events 600000
processing events 601000
processing events 602000
processing events 603000
processing events 604000
processing events 605000
processing events 606000
processing events 607000
processing events 608000
processing events 609000
processing events 610000
processing events 611000
processing events 612000
processing events 613000
processing events 614000
processing events 615000
processing events 616000
processing events 617000
processing events 618000
processing events 619000
processing events 620000
processing events 621000
processing events 622000
processing events 623000
processing events 624000
processing events 625000
processing events 626000
processing events 627000
processing events 628000
processing events 629000
processing events 630000
processing events 631000
processing events 632000
processing events 633000
processing events 634000
processing events 635000
processing events 636000
processing events 637000
processing events 638000
processing events 639000
processing events 640000
processing events 641000
processing events 642000
processing events 643000
processing events 644000
processing events 645000
processing events 646000
processing events 647000
processing events 648000
processing events 649000
processing events 650000
processing events 651000
processing events 652000
processing events 653000
processing events 654000
processing events 655000
processing events 656000
processing events 657000
processing events 658000
processing events 659000
processing events 660000
processing events 661000
processing events 662000
processing events 663000
processing events 664000
processing events 665000
processing events 666000
processing events 667000
processing events 668000
processing events 669000
processing events 670000
processing events 671000
processing events 672000
processing events 673000
processing events 674000
processing events 675000
processing events 676000
processing events 677000
processing events 678000
processing events 679000
processing events 680000
processing events 681000
processing events 682000
processing events 683000
processing events 684000
processing events 685000
processing events 686000
processing events 687000
processing events 688000
processing events 689000
processing events 690000
processing events 691000
processing events 692000
processing events 693000
processing events 694000
processing events 695000
processing events 696000
processing events 697000
processing events 698000
processing events 699000
processing events 700000
processing events 701000
processing events 702000
processing events 703000
processing events 704000
processing events 705000
processing events 706000
processing events 707000
processing events 708000
processing events 709000
processing events 710000
processing events 711000
processing events 712000
processing events 713000
processing events 714000
processing events 715000
processing events 716000
processing events 717000
processing events 718000
processing events 719000
processing events 720000
processing events 721000
processing events 722000
processing events 723000
processing events 724000
processing events 725000
processing events 726000
processing events 727000
processing events 728000
processing events 729000
processing events 730000
processing events 731000
processing events 732000
processing events 733000
processing events 734000
processing events 735000
processing events 736000
processing events 737000
processing events 738000
processing events 739000
processing events 740000
processing events 741000
processing events 742000
processing events 743000
processing events 744000
processing events 745000
processing events 746000
processing events 747000
processing events 748000
processing events 749000
processing events 750000
processing events 751000
processing events 752000
processing events 753000
processing events 754000
processing events 755000
processing events 756000
processing events 757000
processing events 758000
processing events 759000
processing events 760000
processing events 761000
processing events 762000
processing events 763000
processing events 764000
processing events 765000
processing events 766000
processing events 767000
processing events 768000
processing events 769000
processing events 770000
processing events 771000
processing events 772000
processing events 773000
processing events 774000
processing events 775000
processing events 776000
processing events 777000
processing events 778000
processing events 779000
processing events 780000
processing events 781000
processing events 782000
processing events 783000
processing events 784000
processing events 785000
processing events 786000
processing events 787000
processing events 788000
processing events 789000
processing events 790000
processing events 791000
processing events 792000
processing events 793000
processing events 794000
processing events 795000
processing events 796000
processing events 797000
processing events 798000
processing events 799000
processing events 800000
processing events 801000
processing events 802000
processing events 803000
processing events 804000
processing events 805000
processing events 806000
processing events 807000
processing events 808000
processing events 809000
processing events 810000
processing events 811000
processing events 812000
processing events 813000
processing events 814000
processing events 815000
processing events 816000
processing events 817000
processing events 818000
processing events 819000
processing events 820000
processing events 821000
processing events 822000
processing events 823000
processing events 824000
processing events 825000
processing events 826000
processing events 827000
processing events 828000
processing events 829000
processing events 830000
processing events 831000
processing events 832000
processing events 833000
processing events 834000
processing events 835000
processing events 836000
processing events 837000
processing events 838000
processing events 839000
processing events 840000
processing events 841000
processing events 842000
processing events 843000
processing events 844000
processing events 845000
processing events 846000
processing events 847000
processing events 848000
processing events 849000
processing events 850000
processing events 851000
processing events 852000
processing events 853000
processing events 854000
processing events 855000
processing events 856000
processing events 857000
processing events 858000
processing events 859000
processing events 860000
processing events 861000
processing events 862000
processing events 863000
processing events 864000
processing events 865000
processing events 866000
processing events 867000
processing events 868000
processing events 869000
processing events 870000
processing events 871000
processing events 872000
processing events 873000
processing events 874000
processing events 875000
processing events 876000
processing events 877000
processing events 878000
processing events 879000
processing events 880000
processing events 881000
processing events 882000
processing events 883000
processing events 884000
processing events 885000
processing events 886000
processing events 887000
processing events 888000
processing events 889000
processing events 890000
processing events 891000
processing events 892000
processing events 893000
processing events 894000
processing events 895000
processing events 896000
processing events 897000
processing events 898000
processing events 899000
processing events 900000
processing events 901000
processing events 902000
processing events 903000
processing events 904000
processing events 905000
processing events 906000
processing events 907000
processing events 908000
processing events 909000
processing events 910000
processing events 911000
processing events 912000
processing events 913000
processing events 914000
processing events 915000
processing events 916000
processing events 917000
processing events 918000
processing events 919000
processing events 920000
processing events 921000
processing events 922000
processing events 923000
processing events 924000
processing events 925000
processing events 926000
processing events 927000
processing events 928000
processing events 929000
processing events 930000
processing events 931000
processing events 932000
processing events 933000
processing events 934000
processing events 935000
processing events 936000
processing events 937000
processing events 938000
processing events 939000
processing events 940000
processing events 941000
processing events 942000
processing events 943000
processing events 944000
processing events 945000
processing events 946000
processing events 947000
processing events 948000
processing events 949000
processing events 950000
processing events 951000
processing events 952000
processing events 953000
processing events 954000
processing events 955000
processing events 956000
processing events 957000
processing events 958000
processing events 959000
processing events 960000
processing events 961000
processing events 962000
processing events 963000
processing events 964000
processing events 965000
processing events 966000
processing events 967000
processing events 968000
processing events 969000
processing events 970000
processing events 971000
processing events 972000
processing events 973000
processing events 974000
processing events 975000
processing events 976000
processing events 977000
processing events 978000
processing events 979000
processing events 980000
processing events 981000
processing events 982000
processing events 983000
processing events 984000
processing events 985000
processing events 986000
processing events 987000
processing events 988000
processing events 989000
processing events 990000
processing events 991000
processing events 992000
processing events 993000
processing events 994000
processing events 995000
processing events 996000
processing events 997000
processing events 998000
processing events 999000
processing events 1000000
processing events 1001000
processing events 1002000
processing events 1003000
processing events 1004000
processing events 1005000
processing events 1006000
processing events 1007000
processing events 1008000
processing events 1009000
processing events 1010000
processing events 1011000
processing events 1012000
processing events 1013000
processing events 1014000
processing events 1015000
processing events 1016000
processing events 1017000
processing events 1018000
processing events 1019000
processing events 1020000
processing events 1021000
processing events 1022000
processing events 1023000
processing events 1024000
processing events 1025000
processing events 1026000
processing events 1027000
processing events 1028000
processing events 1029000
processing events 1030000
processing events 1031000
processing events 1032000
processing events 1033000
processing events 1034000
processing events 1035000
processing events 1036000
processing events 1037000
processing events 1038000
processing events 1039000
processing events 1040000
processing events 1041000
processing events 1042000
processing events 1043000
processing events 1044000
processing events 1045000
processing events 1046000
processing events 1047000
processing events 1048000
processing events 1049000
processing events 1050000
processing events 1051000
processing events 1052000
processing events 1053000
processing events 1054000
processing events 1055000
processing events 1056000
processing events 1057000
processing events 1058000
processing events 1059000
processing events 1060000
processing events 1061000
processing events 1062000
processing events 1063000
processing events 1064000
processing events 1065000
processing events 1066000
processing events 1067000
processing events 1068000
processing events 1069000
processing events 1070000
processing events 1071000
processing events 1072000
processing events 1073000
processing events 1074000
processing events 1075000
processing events 1076000
processing events 1077000
processing events 1078000
processing events 1079000
processing events 1080000
processing events 1081000
processing events 1082000
processing events 1083000
processing events 1084000
processing events 1085000
processing events 1086000
processing events 1087000
processing events 1088000
processing events 1089000
processing events 1090000
processing events 1091000
processing events 1092000
processing events 1093000
processing events 1094000
processing events 1095000
processing events 1096000
processing events 1097000
processing events 1098000
processing events 1099000
processing events 1100000
processing events 1101000
processing events 1102000
processing events 1103000
processing events 1104000
processing events 1105000
processing events 1106000
processing events 1107000
processing events 1108000
processing events 1109000
processing events 1110000
processing events 1111000
processing events 1112000
processing events 1113000
processing events 1114000
processing events 1115000
processing events 1116000
processing events 1117000
processing events 1118000
processing events 1119000
processing events 1120000
processing events 1121000
processing events 1122000
processing events 1123000
processing events 1124000
processing events 1125000
processing events 1126000
processing events 1127000
processing events 1128000
processing events 1129000
processing events 1130000
processing events 1131000
processing events 1132000
processing events 1133000
processing events 1134000
processing events 1135000
processing events 1136000
processing events 1137000
processing events 1138000
processing events 1139000
processing events 1140000
processing events 1141000
processing events 1142000
processing events 1143000
processing events 1144000
processing events 1145000
processing events 1146000
processing events 1147000
processing events 1148000
processing events 1149000
processing events 1150000
processing events 1151000
processing events 1152000
processing events 1153000
processing events 1154000
processing events 1155000
processing events 1156000
processing events 1157000
processing events 1158000
processing events 1159000
processing events 1160000
processing events 1161000
processing events 1162000
processing events 1163000
processing events 1164000
processing events 1165000
processing events 1166000
processing events 1167000
processing events 1168000
processing events 1169000
processing events 1170000
processing events 1171000
processing events 1172000
processing events 1173000
processing events 1174000
processing events 1175000
processing events 1176000
processing events 1177000
processing events 1178000
processing events 1179000
processing events 1180000
processing events 1181000
processing events 1182000
processing events 1183000
processing events 1184000
processing events 1185000
processing events 1186000
processing events 1187000
processing events 1188000
processing events 1189000
processing events 1190000
processing events 1191000
processing events 1192000
processing events 1193000
processing events 1194000
processing events 1195000
processing events 1196000
processing events 1197000
processing events 1198000
processing events 1199000
processing events 1200000
processing events 1201000
processing events 1202000
processing events 1203000
processing events 1204000
processing events 1205000
processing events 1206000
processing events 1207000
processing events 1208000
processing events 1209000
processing events 1210000
processing events 1211000
processing events 1212000
processing events 1213000
processing events 1214000
processing events 1215000
processing events 1216000
processing events 1217000
processing events 1218000
processing events 1219000
processing events 1220000
processing events 1221000
processing events 1222000
processing events 1223000
processing events 1224000
processing events 1225000
processing events 1226000
processing events 1227000
processing events 1228000
processing events 1229000
processing events 1230000
processing events 1231000
processing events 1232000
processing events 1233000
processing events 1234000
processing events 1235000
processing events 1236000
processing events 1237000
processing events 1238000
processing events 1239000
processing events 1240000
processing events 1241000
processing events 1242000
processing events 1243000
processing events 1244000
processing events 1245000
processing events 1246000
processing events 1247000
processing events 1248000
processing events 1249000
processing events 1250000
processing events 1251000
processing events 1252000
processing events 1253000
processing events 1254000
processing events 1255000
processing events 1256000
processing events 1257000
processing events 1258000
processing events 1259000
processing events 1260000
processing events 1261000
processing events 1262000
processing events 1263000
processing events 1264000
processing events 1265000
processing events 1266000
processing events 1267000
processing events 1268000
processing events 1269000
processing events 1270000
processing events 1271000
processing events 1272000
processing events 1273000
processing events 1274000
processing events 1275000
processing events 1276000
processing events 1277000
processing events 1278000
processing events 1279000
processing events 1280000
processing events 1281000
processing events 1282000
processing events 1283000
processing events 1284000
processing events 1285000
processing events 1286000
processing events 1287000
processing events 1288000
processing events 1289000
processing events 1290000
processing events 1291000
processing events 1292000
processing events 1293000
processing events 1294000
processing events 1295000
processing events 1296000
processing events 1297000
processing events 1298000
processing events 1299000
processing events 1300000
processing events 1301000
processing events 1302000
processing events 1303000
processing events 1304000
processing events 1305000
processing events 1306000
processing events 1307000
processing events 1308000
processing events 1309000
processing events 1310000
processing events 1311000
processing events 1312000
processing events 1313000
processing events 1314000
processing events 1315000
processing events 1316000
processing events 1317000
processing events 1318000
processing events 1319000
processing events 1320000
processing events 1321000
processing events 1322000
processing events 1323000
processing events 1324000
processing events 1325000
processing events 1326000
processing events 1327000
processing events 1328000
processing events 1329000
processing events 1330000
processing events 1331000
processing events 1332000
processing events 1333000
processing events 1334000
processing events 1335000
processing events 1336000
processing events 1337000
processing events 1338000
processing events 1339000
processing events 1340000
processing events 1341000
processing events 1342000
processing events 1343000
processing events 1344000
processing events 1345000
processing events 1346000
processing events 1347000
processing events 1348000
processing events 1349000
processing events 1350000
processing events 1351000
processing events 1352000
processing events 1353000
processing events 1354000
processing events 1355000
processing events 1356000
processing events 1357000
processing events 1358000
processing events 1359000
processing events 1360000
processing events 1361000
processing events 1362000
processing events 1363000
processing events 1364000
processing events 1365000
processing events 1366000
processing events 1367000
processing events 1368000
processing events 1369000
processing events 1370000
processing events 1371000
processing events 1372000
processing events 1373000
processing events 1374000
processing events 1375000
processing events 1376000
processing events 1377000
processing events 1378000
processing events 1379000
processing events 1380000
processing events 1381000
processing events 1382000
processing events 1383000
processing events 1384000
processing events 1385000
processing events 1386000
processing events 1387000
processing events 1388000
processing events 1389000
processing events 1390000
processing events 1391000
processing events 1392000
processing events 1393000
processing events 1394000
processing events 1395000
processing events 1396000
processing events 1397000
processing events 1398000
processing events 1399000
processing events 1400000
processing events 1401000
processing events 1402000
processing events 1403000
processing events 1404000
processing events 1405000
processing events 1406000
processing events 1407000
processing events 1408000
processing events 1409000
processing events 1410000
processing events 1411000
processing events 1412000
processing events 1413000
processing events 1414000
processing events 1415000
processing events 1416000
processing events 1417000
processing events 1418000
processing events 1419000
processing events 1420000
processing events 1421000
processing events 1422000
processing events 1423000
processing events 1424000
processing events 1425000
processing events 1426000
processing events 1427000
processing events 1428000
processing events 1429000
processing events 1430000
processing events 1431000
processing events 1432000
processing events 1433000
processing events 1434000
processing events 1435000
processing events 1436000
processing events 1437000
processing events 1438000
processing events 1439000
processing events 1440000
processing events 1441000
processing events 1442000
processing events 1443000
processing events 1444000
processing events 1445000
processing events 1446000
processing events 1447000
processing events 1448000
processing events 1449000
processing events 1450000
processing events 1451000
processing events 1452000
processing events 1453000
processing events 1454000
processing events 1455000
processing events 1456000
processing events 1457000
processing events 1458000
processing events 1459000
processing events 1460000
processing events 1461000
processing events 1462000
processing events 1463000
processing events 1464000
processing events 1465000
processing events 1466000
processing events 1467000
processing events 1468000
processing events 1469000
processing events 1470000
processing events 1471000
processing events 1472000
processing events 1473000
processing events 1474000
processing events 1475000
processing events 1476000
processing events 1477000
processing events 1478000
processing events 1479000
processing events 1480000
processing events 1481000
processing events 1482000
processing events 1483000
processing events 1484000
processing events 1485000
processing events 1486000
processing events 1487000
processing events 1488000
processing events 1489000
processing events 1490000
processing events 1491000
processing events 1492000
processing events 1493000
processing events 1494000
processing events 1495000
processing events 1496000
processing events 1497000
processing events 1498000
processing events 1499000
processing events 1500000
processing events 1501000
processing events 1502000
processing events 1503000
processing events 1504000
processing events 1505000
processing events 1506000
processing events 1507000
processing events 1508000
processing events 1509000
processing events 1510000
processing events 1511000
processing events 1512000
processing events 1513000
processing events 1514000
processing events 1515000
processing events 1516000
processing events 1517000
processing events 1518000
processing events 1519000
processing events 1520000
processing events 1521000
processing events 1522000
processing events 1523000
processing events 1524000
processing events 1525000
processing events 1526000
processing events 1527000
processing events 1528000
processing events 1529000
processing events 1530000
processing events 1531000
processing events 1532000
processing events 1533000
processing events 1534000
processing events 1535000
processing events 1536000
processing events 1537000
processing events 1538000
processing events 1539000
processing events 1540000
processing events 1541000
processing events 1542000
processing events 1543000
processing events 1544000
processing events 1545000
processing events 1546000
processing events 1547000
processing events 1548000
processing events 1549000
processing events 1550000
processing events 1551000
processing events 1552000
processing events 1553000
processing events 1554000
processing events 1555000
processing events 1556000
processing events 1557000
processing events 1558000
processing events 1559000
processing events 1560000
processing events 1561000
processing events 1562000
processing events 1563000
processing events 1564000
processing events 1565000
processing events 1566000
processing events 1567000
processing events 1568000
processing events 1569000
processing events 1570000
processing events 1571000
processing events 1572000
processing events 1573000
processing events 1574000
processing events 1575000
processing events 1576000
processing events 1577000
processing events 1578000
processing events 1579000
processing events 1580000
processing events 1581000
processing events 1582000
processing events 1583000
processing events 1584000
processing events 1585000
processing events 1586000
processing events 1587000
processing events 1588000
processing events 1589000
processing events 1590000
processing events 1591000
processing events 1592000
processing events 1593000
processing events 1594000
processing events 1595000
processing events 1596000
processing events 1597000
processing events 1598000
processing events 1599000
processing events 1600000
processing events 1601000
processing events 1602000
processing events 1603000
processing events 1604000
processing events 1605000
processing events 1606000
processing events 1607000
processing events 1608000
processing events 1609000
processing events 1610000
processing events 1611000
processing events 1612000
processing events 1613000
processing events 1614000
processing events 1615000
processing events 1616000
processing events 1617000
processing events 1618000
processing events 1619000
processing events 1620000
processing events 1621000
processing events 1622000
processing events 1623000
processing events 1624000
processing events 1625000
processing events 1626000
processing events 1627000
processing events 1628000
processing events 1629000
processing events 1630000
processing events 1631000
processing events 1632000
processing events 1633000
processing events 1634000
processing events 1635000
processing events 1636000
processing events 1637000
processing events 1638000
processing events 1639000
processing events 1640000
processing events 1641000
processing events 1642000
processing events 1643000
processing events 1644000
processing events 1645000
processing events 1646000
processing events 1647000
processing events 1648000
processing events 1649000
processing events 1650000
processing events 1651000
processing events 1652000
processing events 1653000
processing events 1654000
processing events 1655000
processing events 1656000
processing events 1657000
processing events 1658000
processing events 1659000
processing events 1660000
processing events 1661000
processing events 1662000
processing events 1663000
processing events 1664000
processing events 1665000
processing events 1666000
processing events 1667000
processing events 1668000
processing events 1669000
processing events 1670000
processing events 1671000
processing events 1672000
processing events 1673000
processing events 1674000
processing events 1675000
processing events 1676000
processing events 1677000
processing events 1678000
processing events 1679000
processing events 1680000
processing events 1681000
processing events 1682000
processing events 1683000
processing events 1684000
processing events 1685000
processing events 1686000
processing events 1687000
processing events 1688000
processing events 1689000
processing events 1690000
processing events 1691000
processing events 1692000
processing events 1693000
processing events 1694000
processing events 1695000
processing events 1696000
processing events 1697000
processing events 1698000
processing events 1699000
processing events 1700000
processing events 1701000
processing events 1702000
processing events 1703000
processing events 1704000
processing events 1705000
processing events 1706000
processing events 1707000
processing events 1708000
processing events 1709000
processing events 1710000
processing events 1711000
processing events 1712000
processing events 1713000
processing events 1714000
processing events 1715000
processing events 1716000
processing events 1717000
processing events 1718000
processing events 1719000
processing events 1720000
processing events 1721000
processing events 1722000
processing events 1723000
processing events 1724000
processing events 1725000
processing events 1726000
processing events 1727000
processing events 1728000
processing events 1729000
processing events 1730000
processing events 1731000
processing events 1732000
processing events 1733000
processing events 1734000
processing events 1735000
processing events 1736000
processing events 1737000
processing events 1738000
processing events 1739000
processing events 1740000
processing events 1741000
processing events 1742000
processing events 1743000
processing events 1744000
processing events 1745000
processing events 1746000
processing events 1747000
processing events 1748000
processing events 1749000
processing events 1750000
processing events 1751000
processing events 1752000
processing events 1753000
processing events 1754000
processing events 1755000
processing events 1756000
processing events 1757000
processing events 1758000
processing events 1759000
processing events 1760000
processing events 1761000
processing events 1762000
processing events 1763000
processing events 1764000
processing events 1765000
processing events 1766000
processing events 1767000
processing events 1768000
processing events 1769000
processing events 1770000
processing events 1771000
processing events 1772000
processing events 1773000
processing events 1774000
processing events 1775000
processing events 1776000
processing events 1777000
processing events 1778000
processing events 1779000
processing events 1780000
processing events 1781000
processing events 1782000
processing events 1783000
processing events 1784000
processing events 1785000
processing events 1786000
processing events 1787000
processing events 1788000
processing events 1789000
processing events 1790000
processing events 1791000
processing events 1792000
processing events 1793000
processing events 1794000
processing events 1795000
processing events 1796000
processing events 1797000
processing events 1798000
processing events 1799000
processing events 1800000
processing events 1801000
processing events 1802000
processing events 1803000
processing events 1804000
processing events 1805000
processing events 1806000
processing events 1807000
processing events 1808000
processing events 1809000
processing events 1810000
processing events 1811000
processing events 1812000
processing events 1813000
processing events 1814000
processing events 1815000
processing events 1816000
processing events 1817000
processing events 1818000
processing events 1819000
processing events 1820000
processing events 1821000
processing events 1822000
processing events 1823000
processing events 1824000
processing events 1825000
processing events 1826000
processing events 1827000
processing events 1828000
processing events 1829000
processing events 1830000
processing events 1831000
processing events 1832000
processing events 1833000
processing events 1834000
processing events 1835000
processing events 1836000
processing events 1837000
processing events 1838000
processing events 1839000
processing events 1840000
processing events 1841000
processing events 1842000
processing events 1843000
processing events 1844000
processing events 1845000
processing events 1846000
processing events 1847000
processing events 1848000
processing events 1849000
processing events 1850000
processing events 1851000
processing events 1852000
processing events 1853000
processing events 1854000
processing events 1855000
processing events 1856000
processing events 1857000
processing events 1858000
processing events 1859000
processing events 1860000
processing events 1861000
processing events 1862000
processing events 1863000
processing events 1864000
processing events 1865000
processing events 1866000
processing events 1867000
processing events 1868000
processing events 1869000
processing events 1870000
processing events 1871000
processing events 1872000
processing events 1873000
processing events 1874000
processing events 1875000
processing events 1876000
processing events 1877000
processing events 1878000
processing events 1879000
processing events 1880000
processing events 1881000
processing events 1882000
processing events 1883000
processing events 1884000
processing events 1885000
processing events 1886000
processing events 1887000
processing events 1888000
processing events 1889000
processing events 1890000
processing events 1891000
processing events 1892000
processing events 1893000
processing events 1894000
processing events 1895000
processing events 1896000
processing events 1897000
processing events 1898000
processing events 1899000
processing events 1900000
processing events 1901000
processing events 1902000
processing events 1903000
processing events 1904000
processing events 1905000
processing events 1906000
processing events 1907000
processing events 1908000
processing events 1909000
processing events 1910000
processing events 1911000
processing events 1912000
processing events 1913000
processing events 1914000
processing events 1915000
processing events 1916000
processing events 1917000
processing events 1918000
processing events 1919000
processing events 1920000
processing events 1921000
processing events 1922000
processing events 1923000
processing events 1924000
processing events 1925000
processing events 1926000
processing events 1927000
processing events 1928000
processing events 1929000
processing events 1930000
processing events 1931000
processing events 1932000
processing events 1933000
processing events 1934000
processing events 1935000
processing events 1936000
processing events 1937000
processing events 1938000
processing events 1939000
processing events 1940000
processing events 1941000
processing events 1942000
processing events 1943000
processing events 1944000
processing events 1945000
processing events 1946000
processing events 1947000
processing events 1948000
processing events 1949000
processing events 1950000
processing events 1951000
processing events 1952000
processing events 1953000
processing events 1954000
processing events 1955000
processing events 1956000
processing events 1957000
processing events 1958000
processing events 1959000
processing events 1960000
processing events 1961000
processing events 1962000
processing events 1963000
processing events 1964000
processing events 1965000
processing events 1966000
processing events 1967000
processing events 1968000
processing events 1969000
processing events 1970000
processing events 1971000
processing events 1972000
processing events 1973000
processing events 1974000
processing events 1975000
processing events 1976000
processing events 1977000
processing events 1978000
processing events 1979000
processing events 1980000
processing events 1981000
processing events 1982000
processing events 1983000
processing events 1984000
processing events 1985000
processing events 1986000
processing events 1987000
processing events 1988000
processing events 1989000
processing events 1990000
processing events 1991000
processing events 1992000
processing events 1993000
processing events 1994000
processing events 1995000
processing events 1996000
processing events 1997000
processing events 1998000
processing events 1999000
processing events 2000000
processing events 2001000
processing events 2002000
processing events 2003000
processing events 2004000
processing events 2005000
processing events 2006000
processing events 2007000
processing events 2008000
processing events 2009000
processing events 2010000
processing events 2011000
processing events 2012000
processing events 2013000
processing events 2014000
processing events 2015000
processing events 2016000
processing events 2017000
processing events 2018000
processing events 2019000
processing events 2020000
processing events 2021000
processing events 2022000
processing events 2023000
processing events 2024000
processing events 2025000
processing events 2026000
processing events 2027000
processing events 2028000
processing events 2029000
processing events 2030000
processing events 2031000
processing events 2032000
processing events 2033000
processing events 2034000
processing events 2035000
processing events 2036000
processing events 2037000
processing events 2038000
processing events 2039000
processing events 2040000
processing events 2041000
processing events 2042000
processing events 2043000
processing events 2044000
processing events 2045000
processing events 2046000
processing events 2047000
processing events 2048000
processing events 2049000
processing events 2050000
processing events 2051000
processing events 2052000
processing events 2053000
processing events 2054000
processing events 2055000
processing events 2056000
processing events 2057000
processing events 2058000
processing events 2059000
processing events 2060000
processing events 2061000
processing events 2062000
processing events 2063000
processing events 2064000
processing events 2065000
processing events 2066000
processing events 2067000
processing events 2068000
processing events 2069000
processing events 2070000
processing events 2071000
processing events 2072000
processing events 2073000
processing events 2074000
processing events 2075000
processing events 2076000
processing events 2077000
processing events 2078000
processing events 2079000
processing events 2080000
processing events 2081000
processing events 2082000
processing events 2083000
processing events 2084000
processing events 2085000
processing events 2086000
processing events 2087000
processing events 2088000
processing events 2089000
processing events 2090000
processing events 2091000
processing events 2092000
processing events 2093000
processing events 2094000
processing events 2095000
processing events 2096000
processing events 2097000
processing events 2098000
processing events 2099000
processing events 2100000
processing events 2101000
processing events 2102000
processing events 2103000
processing events 2104000
processing events 2105000
processing events 2106000
processing events 2107000
processing events 2108000
processing events 2109000
processing events 2110000
processing events 2111000
processing events 2112000
processing events 2113000
processing events 2114000
processing events 2115000
processing events 2116000
processing events 2117000
processing events 2118000
processing events 2119000
processing events 2120000
processing events 2121000
processing events 2122000
processing events 2123000
processing events 2124000
processing events 2125000
processing events 2126000
processing events 2127000
processing events 2128000
processing events 2129000
processing events 2130000
processing events 2131000
processing events 2132000
processing events 2133000
processing events 2134000
processing events 2135000
processing events 2136000
processing events 2137000
processing events 2138000
processing events 2139000
processing events 2140000
processing events 2141000
processing events 2142000
processing events 2143000
processing events 2144000
processing events 2145000
processing events 2146000
processing events 2147000
processing events 2148000
processing events 2149000
processing events 2150000
processing events 2151000
processing events 2152000
processing events 2153000
processing events 2154000
processing events 2155000
processing events 2156000
processing events 2157000
processing events 2158000
processing events 2159000
processing events 2160000
processing events 2161000
processing events 2162000
processing events 2163000
processing events 2164000
processing events 2165000
processing events 2166000
processing events 2167000
processing events 2168000
processing events 2169000
processing events 2170000
processing events 2171000
processing events 2172000
processing events 2173000
processing events 2174000
processing events 2175000
processing events 2176000
processing events 2177000
processing events 2178000
processing events 2179000
processing events 2180000
processing events 2181000
processing events 2182000
processing events 2183000
processing events 2184000
processing events 2185000
processing events 2186000
processing events 2187000
processing events 2188000
processing events 2189000
processing events 2190000
processing events 2191000
processing events 2192000
processing events 2193000
processing events 2194000
processing events 2195000
processing events 2196000
processing events 2197000
processing events 2198000
processing events 2199000
processing events 2200000
processing events 2201000
processing events 2202000
processing events 2203000
processing events 2204000
processing events 2205000
processing events 2206000
processing events 2207000
processing events 2208000
processing events 2209000
processing events 2210000
processing events 2211000
processing events 2212000
processing events 2213000
processing events 2214000
processing events 2215000
processing events 2216000
processing events 2217000
processing events 2218000
processing events 2219000
processing events 2220000
processing events 2221000
processing events 2222000
processing events 2223000
processing events 2224000
processing events 2225000
processing events 2226000
processing events 2227000
processing events 2228000
processing events 2229000
processing events 2230000
processing events 2231000
processing events 2232000
processing events 2233000
processing events 2234000
processing events 2235000
processing events 2236000
processing events 2237000
processing events 2238000
processing events 2239000
processing events 2240000
processing events 2241000
processing events 2242000
processing events 2243000
processing events 2244000
processing events 2245000
processing events 2246000
processing events 2247000
processing events 2248000
processing events 2249000
processing events 2250000
processing events 2251000
processing events 2252000
processing events 2253000
processing events 2254000
processing events 2255000
processing events 2256000
processing events 2257000
processing events 2258000
processing events 2259000
processing events 2260000
processing events 2261000
processing events 2262000
processing events 2263000
processing events 2264000
processing events 2265000
processing events 2266000
processing events 2267000
processing events 2268000
processing events 2269000
processing events 2270000
processing events 2271000
processing events 2272000
processing events 2273000
processing events 2274000
processing events 2275000
processing events 2276000
processing events 2277000
processing events 2278000
processing events 2279000
processing events 2280000
processing events 2281000
processing events 2282000
processing events 2283000
processing events 2284000
processing events 2285000
processing events 2286000
processing events 2287000
processing events 2288000
processing events 2289000
processing events 2290000
processing events 2291000
processing events 2292000
processing events 2293000
processing events 2294000
processing events 2295000
processing events 2296000
processing events 2297000
processing events 2298000
processing events 2299000
processing events 2300000
processing events 2301000
processing events 2302000
processing events 2303000
processing events 2304000
processing events 2305000
processing events 2306000
processing events 2307000
processing events 2308000
processing events 2309000
processing events 2310000
processing events 2311000
processing events 2312000
processing events 2313000
processing events 2314000
processing events 2315000
processing events 2316000
processing events 2317000
processing events 2318000
processing events 2319000
processing events 2320000
processing events 2321000
processing events 2322000
processing events 2323000
processing events 2324000
processing events 2325000
processing events 2326000
processing events 2327000
processing events 2328000
processing events 2329000
processing events 2330000
processing events 2331000
processing events 2332000
processing events 2333000
processing events 2334000
processing events 2335000
processing events 2336000
processing events 2337000
processing events 2338000
processing events 2339000
processing events 2340000
processing events 2341000
processing events 2342000
processing events 2343000
processing events 2344000
processing events 2345000
processing events 2346000
processing events 2347000
processing events 2348000
processing events 2349000
processing events 2350000
processing events 2351000
processing events 2352000
processing events 2353000
processing events 2354000
processing events 2355000
processing events 2356000
processing events 2357000
processing events 2358000
processing events 2359000
processing events 2360000
processing events 2361000
processing events 2362000
processing events 2363000
processing events 2364000
processing events 2365000
processing events 2366000
processing events 2367000
processing events 2368000
processing events 2369000
processing events 2370000
processing events 2371000
processing events 2372000
processing events 2373000
processing events 2374000
processing events 2375000
processing events 2376000
processing events 2377000
processing events 2378000
processing events 2379000
processing events 2380000
processing events 2381000
processing events 2382000
processing events 2383000
processing events 2384000
processing events 2385000
processing events 2386000
processing events 2387000
processing events 2388000
processing events 2389000
processing events 2390000
processing events 2391000
processing events 2392000
processing events 2393000
processing events 2394000
processing events 2395000
processing events 2396000
processing events 2397000
processing events 2398000
processing events 2399000
processing events 2400000
processing events 2401000
processing events 2402000
processing events 2403000
processing events 2404000
processing events 2405000
processing events 2406000
processing events 2407000
processing events 2408000
processing events 2409000
processing events 2410000
processing events 2411000
processing events 2412000
processing events 2413000
processing events 2414000
processing events 2415000
processing events 2416000
processing events 2417000
processing events 2418000
processing events 2419000
processing events 2420000
processing events 2421000
processing events 2422000
processing events 2423000
processing events 2424000
processing events 2425000
processing events 2426000
processing events 2427000
processing events 2428000
processing events 2429000
processing events 2430000
processing events 2431000
processing events 2432000
processing events 2433000
processing events 2434000
processing events 2435000
processing events 2436000
processing events 2437000
processing events 2438000
processing events 2439000
processing events 2440000
processing events 2441000
processing events 2442000
processing events 2443000
processing events 2444000
processing events 2445000
processing events 2446000
processing events 2447000
processing events 2448000
processing events 2449000
processing events 2450000
processing events 2451000
processing events 2452000
processing events 2453000
processing events 2454000
processing events 2455000
processing events 2456000
processing events 2457000
processing events 2458000
processing events 2459000
processing events 2460000
processing events 2461000
processing events 2462000
processing events 2463000
processing events 2464000
processing events 2465000
processing events 2466000
processing events 2467000
processing events 2468000
processing events 2469000
processing events 2470000
processing events 2471000
processing events 2472000
processing events 2473000
processing events 2474000
processing events 2475000
processing events 2476000
processing events 2477000
processing events 2478000
processing events 2479000
processing events 2480000
processing events 2481000
processing events 2482000
processing events 2483000
processing events 2484000
processing events 2485000
processing events 2486000
processing events 2487000
processing events 2488000
processing events 2489000
processing events 2490000
processing events 2491000
processing events 2492000
processing events 2493000
processing events 2494000
processing events 2495000
processing events 2496000
processing events 2497000
processing events 2498000
processing events 2499000
processing events 2500000
processing events 2501000
processing events 2502000
processing events 2503000
processing events 2504000
processing events 2505000
processing events 2506000
processing events 2507000
processing events 2508000
processing events 2509000
processing events 2510000
processing events 2511000
processing events 2512000
processing events 2513000
processing events 2514000
processing events 2515000
processing events 2516000
processing events 2517000
processing events 2518000
processing events 2519000
processing events 2520000
processing events 2521000
processing events 2522000
processing events 2523000
processing events 2524000
processing events 2525000
processing events 2526000
processing events 2527000
processing events 2528000
processing events 2529000
processing events 2530000
processing events 2531000
processing events 2532000
processing events 2533000
processing events 2534000
processing events 2535000
processing events 2536000
processing events 2537000
processing events 2538000
processing events 2539000
processing events 2540000
processing events 2541000
processing events 2542000
processing events 2543000
processing events 2544000
processing events 2545000
processing events 2546000
processing events 2547000
processing events 2548000
processing events 2549000
processing events 2550000
processing events 2551000
processing events 2552000
processing events 2553000
processing events 2554000
processing events 2555000
processing events 2556000
processing events 2557000
processing events 2558000
processing events 2559000
processing events 2560000
processing events 2561000
processing events 2562000
processing events 2563000
processing events 2564000
processing events 2565000
processing events 2566000
processing events 2567000
processing events 2568000
processing events 2569000
processing events 2570000
processing events 2571000
processing events 2572000
processing events 2573000
processing events 2574000
processing events 2575000
processing events 2576000
processing events 2577000
processing events 2578000
processing events 2579000
processing events 2580000
processing events 2581000
processing events 2582000
processing events 2583000
processing events 2584000
processing events 2585000
processing events 2586000
processing events 2587000
processing events 2588000
processing events 2589000
processing events 2590000
processing events 2591000
processing events 2592000
processing events 2593000
processing events 2594000
processing events 2595000
processing events 2596000
processing events 2597000
processing events 2598000
processing events 2599000
processing events 2600000
processing events 2601000
processing events 2602000
processing events 2603000
processing events 2604000
processing events 2605000
processing events 2606000
processing events 2607000
processing events 2608000
processing events 2609000
processing events 2610000
processing events 2611000
processing events 2612000
processing events 2613000
processing events 2614000
processing events 2615000
processing events 2616000
processing events 2617000
processing events 2618000
processing events 2619000
processing events 2620000
processing events 2621000
processing events 2622000
processing events 2623000
processing events 2624000
processing events 2625000
processing events 2626000
processing events 2627000
processing events 2628000
processing events 2629000
processing events 2630000
processing events 2631000
processing events 2632000
processing events 2633000
processing events 2634000
processing events 2635000
processing events 2636000
processing events 2637000
processing events 2638000
processing events 2639000
processing events 2640000
processing events 2641000
processing events 2642000
processing events 2643000
processing events 2644000
processing events 2645000
processing events 2646000
processing events 2647000
processing events 2648000
processing events 2649000
processing events 2650000
processing events 2651000
processing events 2652000
processing events 2653000
processing events 2654000
processing events 2655000
processing events 2656000
processing events 2657000
processing events 2658000
processing events 2659000
processing events 2660000
processing events 2661000
processing events 2662000
processing events 2663000
processing events 2664000
processing events 2665000
processing events 2666000
processing events 2667000
processing events 2668000
processing events 2669000
processing events 2670000
processing events 2671000
processing events 2672000
processing events 2673000
processing events 2674000
processing events 2675000
processing events 2676000
processing events 2677000
processing events 2678000
processing events 2679000
processing events 2680000
processing events 2681000
processing events 2682000
processing events 2683000
processing events 2684000
processing events 2685000
processing events 2686000
processing events 2687000
processing events 2688000
processing events 2689000
processing events 2690000
processing events 2691000
processing events 2692000
processing events 2693000
processing events 2694000
processing events 2695000
processing events 2696000
processing events 2697000
processing events 2698000
processing events 2699000
processing events 2700000
processing events 2701000
processing events 2702000
processing events 2703000
processing events 2704000
processing events 2705000
processing events 2706000
processing events 2707000
processing events 2708000
processing events 2709000
processing events 2710000
processing events 2711000
processing events 2712000
processing events 2713000
processing events 2714000
processing events 2715000
processing events 2716000
processing events 2717000
processing events 2718000
processing events 2719000
processing events 2720000
processing events 2721000
processing events 2722000
processing events 2723000
processing events 2724000
processing events 2725000
processing events 2726000
processing events 2727000
processing events 2728000
processing events 2729000
processing events 2730000
processing events 2731000
processing events 2732000
processing events 2733000
processing events 2734000
processing events 2735000
processing events 2736000
processing events 2737000
processing events 2738000
processing events 2739000
processing events 2740000
processing events 2741000
processing events 2742000
processing events 2743000
processing events 2744000
processing events 2745000
processing events 2746000
processing events 2747000
processing events 2748000
processing events 2749000
processing events 2750000
processing events 2751000
processing events 2752000
processing events 2753000
processing events 2754000
processing events 2755000
processing events 2756000
processing events 2757000
processing events 2758000
processing events 2759000
processing events 2760000
processing events 2761000
processing events 2762000
processing events 2763000
processing events 2764000
processing events 2765000
processing events 2766000
processing events 2767000
processing events 2768000
processing events 2769000
processing events 2770000
processing events 2771000
processing events 2772000
processing events 2773000
processing events 2774000
processing events 2775000
processing events 2776000
processing events 2777000
processing events 2778000
processing events 2779000
processing events 2780000
processing events 2781000
processing events 2782000
processing events 2783000
processing events 2784000
processing events 2785000
processing events 2786000
processing events 2787000
processing events 2788000
processing events 2789000
processing events 2790000
processing events 2791000
processing events 2792000
processing events 2793000
processing events 2794000
processing events 2795000
processing events 2796000
processing events 2797000
processing events 2798000
processing events 2799000
processing events 2800000
processing events 2801000
processing events 2802000
processing events 2803000
processing events 2804000
processing events 2805000
processing events 2806000
processing events 2807000
processing events 2808000
processing events 2809000
processing events 2810000
processing events 2811000
processing events 2812000
processing events 2813000
processing events 2814000
processing events 2815000
processing events 2816000
processing events 2817000
processing events 2818000
processing events 2819000
processing events 2820000
processing events 2821000
processing events 2822000
processing events 2823000
processing events 2824000
processing events 2825000
processing events 2826000
processing events 2827000
processing events 2828000
processing events 2829000
processing events 2830000
processing events 2831000
processing events 2832000
processing events 2833000
processing events 2834000
processing events 2835000
processing events 2836000
processing events 2837000
processing events 2838000
processing events 2839000
processing events 2840000
processing events 2841000
processing events 2842000
processing events 2843000
processing events 2844000
processing events 2845000
processing events 2846000
processing events 2847000
processing events 2848000
processing events 2849000
processing events 2850000
processing events 2851000
processing events 2852000
processing events 2853000
processing events 2854000
processing events 2855000
processing events 2856000
processing events 2857000
processing events 2858000
processing events 2859000
processing events 2860000
processing events 2861000
processing events 2862000
processing events 2863000
processing events 2864000
processing events 2865000
processing events 2866000
processing events 2867000
processing events 2868000
processing events 2869000
processing events 2870000
processing events 2871000
processing events 2872000
processing events 2873000
processing events 2874000
processing events 2875000
processing events 2876000
processing events 2877000
processing events 2878000
processing events 2879000
processing events 2880000
processing events 2881000
processing events 2882000
processing events 2883000
processing events 2884000
processing events 2885000
processing events 2886000
processing events 2887000
processing events 2888000
processing events 2889000
processing events 2890000
processing events 2891000
processing events 2892000
processing events 2893000
processing events 2894000
processing events 2895000
processing events 2896000
processing events 2897000
processing events 2898000
processing events 2899000
processing events 2900000
processing events 2901000
processing events 2902000
processing events 2903000
processing events 2904000
processing events 2905000
processing events 2906000
processing events 2907000
processing events 2908000
processing events 2909000
processing events 2910000
processing events 2911000
processing events 2912000
processing events 2913000
OK
