000 (413874.000.000) 07/26 12:37:49 Job submitted from host: <131.225.190.76:26909?addrs=131.225.190.76-26909>
...
001 (413874.000.000) 07/26 12:38:20 Job executing on host: <131.225.191.78:37842>
...
006 (413874.000.000) 07/26 12:38:28 Image size of job updated: 129036
	0  -  MemoryUsage of job (MB)
	0  -  ResidentSetSize of job (KB)
...
005 (413874.000.000) 07/26 12:38:28 Job terminated.
	(1) Normal termination (return value 0)
		Usr 0 00:00:00, Sys 0 00:00:00  -  Run Remote Usage
		Usr 0 00:00:00, Sys 0 00:00:00  -  Run Local Usage
		Usr 0 00:00:00, Sys 0 00:00:00  -  Total Remote Usage
		Usr 0 00:00:00, Sys 0 00:00:00  -  Total Local Usage
	1813  -  Run Bytes Sent By Job
	80209  -  Run Bytes Received By Job
	1813  -  Total Bytes Sent By Job
	80209  -  Total Bytes Received By Job
	Partitionable Resources :    Usage  Request Allocated
	   Cpus                 :                 1         1
	   Disk (KB)            :      565 10000000  15551992
	   Memory (MB)          :        0    10000     10000
...
000 (413879.000.000) 07/26 12:47:48 Job submitted from host: <131.225.190.76:26909?addrs=131.225.190.76-26909>
...
001 (413879.000.000) 07/26 12:47:56 Job executing on host: <131.225.207.182:46865>
...
006 (413879.000.000) 07/26 12:48:04 Image size of job updated: 1
	3  -  MemoryUsage of job (MB)
	2468  -  ResidentSetSize of job (KB)
...
006 (413879.000.000) 07/26 12:49:04 Image size of job updated: 1043720
	423  -  MemoryUsage of job (MB)
	432772  -  ResidentSetSize of job (KB)
...
006 (413879.000.000) 07/26 12:50:04 Image size of job updated: 1043908
	423  -  MemoryUsage of job (MB)
	432892  -  ResidentSetSize of job (KB)
...
006 (413879.000.000) 07/26 12:51:05 Image size of job updated: 1043908
	423  -  MemoryUsage of job (MB)
	432928  -  ResidentSetSize of job (KB)
...
006 (413879.000.000) 07/26 12:52:06 Image size of job updated: 1043908
	423  -  MemoryUsage of job (MB)
	432948  -  ResidentSetSize of job (KB)
...
006 (413879.000.000) 07/26 12:53:07 Image size of job updated: 1043908
	423  -  MemoryUsage of job (MB)
	432988  -  ResidentSetSize of job (KB)
...
006 (413879.000.000) 07/26 12:54:08 Image size of job updated: 1043908
	424  -  MemoryUsage of job (MB)
	433244  -  ResidentSetSize of job (KB)
...
006 (413879.000.000) 07/26 12:55:09 Image size of job updated: 1043908
	424  -  MemoryUsage of job (MB)
	433700  -  ResidentSetSize of job (KB)
...
006 (413879.000.000) 07/26 12:56:10 Image size of job updated: 1043908
	428  -  MemoryUsage of job (MB)
	437804  -  ResidentSetSize of job (KB)
...
006 (413879.000.000) 07/26 12:57:11 Image size of job updated: 1117164
	502  -  MemoryUsage of job (MB)
	513796  -  ResidentSetSize of job (KB)
...
006 (413879.000.000) 07/26 13:05:12 Image size of job updated: 1120568
	506  -  MemoryUsage of job (MB)
	517200  -  ResidentSetSize of job (KB)
...
006 (413879.000.000) 07/26 13:37:30 Image size of job updated: 1120568
	507  -  MemoryUsage of job (MB)
	518200  -  ResidentSetSize of job (KB)
...
006 (413879.000.000) 07/26 14:21:53 Image size of job updated: 1120568
	507  -  MemoryUsage of job (MB)
	518228  -  ResidentSetSize of job (KB)
...
005 (413879.000.000) 07/26 14:25:22 Job terminated.
	(1) Normal termination (return value 54)
		Usr 0 01:30:08, Sys 0 00:01:56  -  Run Remote Usage
		Usr 0 00:00:00, Sys 0 00:00:00  -  Run Local Usage
		Usr 0 01:30:08, Sys 0 00:01:56  -  Total Remote Usage
		Usr 0 00:00:00, Sys 0 00:00:00  -  Total Local Usage
	114989  -  Run Bytes Sent By Job
	80316  -  Run Bytes Received By Job
	114989  -  Total Bytes Sent By Job
	80316  -  Total Bytes Received By Job
	Partitionable Resources :    Usage  Request Allocated
	   Cpus                 :                 1         1
	   Disk (KB)            :   358031 10000000  10261158
	   Memory (MB)          :      507    10000     10000
...
000 (413889.000.000) 07/26 16:32:11 Job submitted from host: <131.225.190.76:26909?addrs=131.225.190.76-26909>
...
000 (413892.000.000) 07/26 16:35:53 Job submitted from host: <131.225.190.76:26909?addrs=131.225.190.76-26909>
...
001 (413889.000.000) 07/26 18:12:18 Job executing on host: <131.225.207.161:39125>
...
001 (413892.000.000) 07/26 18:12:18 Job executing on host: <131.225.204.39:52894>
...
006 (413889.000.000) 07/26 18:12:27 Image size of job updated: 1
	3  -  MemoryUsage of job (MB)
	2460  -  ResidentSetSize of job (KB)
...
006 (413892.000.000) 07/26 18:12:27 Image size of job updated: 1
	3  -  MemoryUsage of job (MB)
	2468  -  ResidentSetSize of job (KB)
...
006 (413889.000.000) 07/26 18:13:28 Image size of job updated: 1043764
	423  -  MemoryUsage of job (MB)
	432788  -  ResidentSetSize of job (KB)
...
006 (413892.000.000) 07/26 18:13:28 Image size of job updated: 1043804
	423  -  MemoryUsage of job (MB)
	433068  -  ResidentSetSize of job (KB)
...
006 (413889.000.000) 07/26 18:14:29 Image size of job updated: 1043912
	423  -  MemoryUsage of job (MB)
	432904  -  ResidentSetSize of job (KB)
...
006 (413892.000.000) 07/26 18:14:29 Image size of job updated: 1043984
	424  -  MemoryUsage of job (MB)
	433280  -  ResidentSetSize of job (KB)
...
006 (413889.000.000) 07/26 18:15:30 Image size of job updated: 1043912
	423  -  MemoryUsage of job (MB)
	432936  -  ResidentSetSize of job (KB)
...
006 (413892.000.000) 07/26 18:15:30 Image size of job updated: 1043984
	424  -  MemoryUsage of job (MB)
	433288  -  ResidentSetSize of job (KB)
...
006 (413889.000.000) 07/26 18:16:31 Image size of job updated: 1043912
	423  -  MemoryUsage of job (MB)
	432960  -  ResidentSetSize of job (KB)
...
006 (413889.000.000) 07/26 18:17:32 Image size of job updated: 1043912
	423  -  MemoryUsage of job (MB)
	432996  -  ResidentSetSize of job (KB)
...
006 (413889.000.000) 07/26 18:18:33 Image size of job updated: 1044080
	423  -  MemoryUsage of job (MB)
	433076  -  ResidentSetSize of job (KB)
...
006 (413892.000.000) 07/26 18:18:33 Image size of job updated: 1043984
	424  -  MemoryUsage of job (MB)
	433352  -  ResidentSetSize of job (KB)
...
006 (413889.000.000) 07/26 18:19:34 Image size of job updated: 1044080
	423  -  MemoryUsage of job (MB)
	433132  -  ResidentSetSize of job (KB)
...
006 (413892.000.000) 07/26 18:19:34 Image size of job updated: 1043984
	424  -  MemoryUsage of job (MB)
	433400  -  ResidentSetSize of job (KB)
...
006 (413892.000.000) 07/26 18:21:34 Image size of job updated: 1043984
	424  -  MemoryUsage of job (MB)
	433572  -  ResidentSetSize of job (KB)
...
006 (413889.000.000) 07/26 18:21:34 Image size of job updated: 1044080
	424  -  MemoryUsage of job (MB)
	433296  -  ResidentSetSize of job (KB)
...
006 (413892.000.000) 07/26 18:22:34 Image size of job updated: 1117168
	495  -  MemoryUsage of job (MB)
	506784  -  ResidentSetSize of job (KB)
...
006 (413889.000.000) 07/26 18:22:34 Image size of job updated: 1117164
	495  -  MemoryUsage of job (MB)
	506480  -  ResidentSetSize of job (KB)
...
006 (413892.000.000) 07/26 18:25:34 Image size of job updated: 1117168
	495  -  MemoryUsage of job (MB)
	506804  -  ResidentSetSize of job (KB)
...
006 (413889.000.000) 07/26 18:25:34 Image size of job updated: 1117164
	495  -  MemoryUsage of job (MB)
	506488  -  ResidentSetSize of job (KB)
...
006 (413892.000.000) 07/26 18:31:40 Image size of job updated: 1120572
	499  -  MemoryUsage of job (MB)
	510208  -  ResidentSetSize of job (KB)
...
006 (413889.000.000) 07/26 18:31:40 Image size of job updated: 1120568
	498  -  MemoryUsage of job (MB)
	509892  -  ResidentSetSize of job (KB)
...
006 (413889.000.000) 07/26 18:33:41 Image size of job updated: 1120568
	498  -  MemoryUsage of job (MB)
	509896  -  ResidentSetSize of job (KB)
...
006 (413892.000.000) 07/26 18:34:42 Image size of job updated: 1120572
	499  -  MemoryUsage of job (MB)
	510316  -  ResidentSetSize of job (KB)
...
006 (413892.000.000) 07/26 18:35:42 Image size of job updated: 1120572
	499  -  MemoryUsage of job (MB)
	510536  -  ResidentSetSize of job (KB)
...
006 (413892.000.000) 07/26 18:37:42 Image size of job updated: 1120572
	507  -  MemoryUsage of job (MB)
	518204  -  ResidentSetSize of job (KB)
...
006 (413889.000.000) 07/26 18:45:48 Image size of job updated: 1120568
	499  -  MemoryUsage of job (MB)
	510148  -  ResidentSetSize of job (KB)
...
006 (413889.000.000) 07/26 18:46:48 Image size of job updated: 1120568
	499  -  MemoryUsage of job (MB)
	510536  -  ResidentSetSize of job (KB)
...
006 (413889.000.000) 07/26 18:48:48 Image size of job updated: 1120568
	507  -  MemoryUsage of job (MB)
	518200  -  ResidentSetSize of job (KB)
...
006 (413892.000.000) 07/26 19:50:20 Image size of job updated: 1120572
	507  -  MemoryUsage of job (MB)
	518232  -  ResidentSetSize of job (KB)
...
006 (413889.000.000) 07/26 19:50:21 Image size of job updated: 1120568
	507  -  MemoryUsage of job (MB)
	518228  -  ResidentSetSize of job (KB)
...
005 (413892.000.000) 07/26 19:53:14 Job terminated.
	(1) Normal termination (return value 0)
		Usr 0 01:33:29, Sys 0 00:01:54  -  Run Remote Usage
		Usr 0 00:00:00, Sys 0 00:00:00  -  Run Local Usage
		Usr 0 01:33:29, Sys 0 00:01:54  -  Total Remote Usage
		Usr 0 00:00:00, Sys 0 00:00:00  -  Total Local Usage
	115323  -  Run Bytes Sent By Job
	80322  -  Run Bytes Received By Job
	115323  -  Total Bytes Sent By Job
	80322  -  Total Bytes Received By Job
	Partitionable Resources :    Usage  Request Allocated
	   Cpus                 :                 1         1
	   Disk (KB)            :   358031 10000000  10415985
	   Memory (MB)          :      507    10000     10000
...
005 (413889.000.000) 07/26 19:53:38 Job terminated.
	(1) Normal termination (return value 54)
		Usr 0 01:34:12, Sys 0 00:01:48  -  Run Remote Usage
		Usr 0 00:00:00, Sys 0 00:00:00  -  Run Local Usage
		Usr 0 01:34:12, Sys 0 00:01:48  -  Total Remote Usage
		Usr 0 00:00:00, Sys 0 00:00:00  -  Total Local Usage
	115002  -  Run Bytes Sent By Job
	80322  -  Run Bytes Received By Job
	115002  -  Total Bytes Sent By Job
	80322  -  Total Bytes Received By Job
	Partitionable Resources :    Usage  Request Allocated
	   Cpus                 :                 1         1
	   Disk (KB)            :   358030 10000000  10418616
	   Memory (MB)          :      507    10000     10000
...
000 (413972.000.000) 07/29 19:20:23 Job submitted from host: <131.225.190.76:26909?addrs=131.225.190.76-26909>
...
001 (413972.000.000) 07/29 19:21:09 Job executing on host: <131.225.207.161:39125>
...
006 (413972.000.000) 07/29 19:21:18 Image size of job updated: 130016
	8  -  MemoryUsage of job (MB)
	8000  -  ResidentSetSize of job (KB)
...
006 (413972.000.000) 07/29 19:22:20 Image size of job updated: 1043800
	423  -  MemoryUsage of job (MB)
	432784  -  ResidentSetSize of job (KB)
...
006 (413972.000.000) 07/29 19:23:20 Image size of job updated: 1043800
	423  -  MemoryUsage of job (MB)
	432876  -  ResidentSetSize of job (KB)
...
006 (413972.000.000) 07/29 19:24:20 Image size of job updated: 1043800
	423  -  MemoryUsage of job (MB)
	432884  -  ResidentSetSize of job (KB)
...
006 (413972.000.000) 07/29 19:25:20 Image size of job updated: 1043800
	423  -  MemoryUsage of job (MB)
	432896  -  ResidentSetSize of job (KB)
...
006 (413972.000.000) 07/29 19:26:20 Image size of job updated: 1043960
	423  -  MemoryUsage of job (MB)
	433020  -  ResidentSetSize of job (KB)
...
006 (413972.000.000) 07/29 19:28:20 Image size of job updated: 1043960
	423  -  MemoryUsage of job (MB)
	433068  -  ResidentSetSize of job (KB)
...
006 (413972.000.000) 07/29 19:29:20 Image size of job updated: 1043960
	423  -  MemoryUsage of job (MB)
	433096  -  ResidentSetSize of job (KB)
...
006 (413972.000.000) 07/29 19:30:20 Image size of job updated: 1114248
	492  -  MemoryUsage of job (MB)
	503556  -  ResidentSetSize of job (KB)
...
006 (413972.000.000) 07/29 19:34:24 Image size of job updated: 1114248
	492  -  MemoryUsage of job (MB)
	503576  -  ResidentSetSize of job (KB)
...
006 (413972.000.000) 07/29 19:39:27 Image size of job updated: 1117524
	495  -  MemoryUsage of job (MB)
	506852  -  ResidentSetSize of job (KB)
...
006 (413972.000.000) 07/29 19:47:30 Image size of job updated: 1117524
	496  -  MemoryUsage of job (MB)
	507484  -  ResidentSetSize of job (KB)
...
006 (413972.000.000) 07/29 19:49:32 Image size of job updated: 1117524
	504  -  MemoryUsage of job (MB)
	515152  -  ResidentSetSize of job (KB)
...
006 (413972.000.000) 07/29 20:58:06 Image size of job updated: 1117524
	504  -  MemoryUsage of job (MB)
	515180  -  ResidentSetSize of job (KB)
...
005 (413972.000.000) 07/29 21:00:55 Job terminated.
	(1) Normal termination (return value 0)
		Usr 0 01:32:22, Sys 0 00:01:51  -  Run Remote Usage
		Usr 0 00:00:00, Sys 0 00:00:00  -  Run Local Usage
		Usr 0 01:32:22, Sys 0 00:01:51  -  Total Remote Usage
		Usr 0 00:00:00, Sys 0 00:00:00  -  Total Local Usage
	115336  -  Run Bytes Sent By Job
	80344  -  Run Bytes Received By Job
	115336  -  Total Bytes Sent By Job
	80344  -  Total Bytes Received By Job
	Partitionable Resources :    Usage  Request Allocated
	   Cpus                 :                 1         1
	   Disk (KB)            :   366319 10000000  10628880
	   Memory (MB)          :      504    10000     10000
...
000 (1351731.000.000) 07/31 15:39:48 Job submitted from host: <131.225.190.179:3153?addrs=131.225.190.179-3153>
...
001 (1351731.000.000) 07/31 15:39:57 Job executing on host: <131.225.207.146:42433>
...
006 (1351731.000.000) 07/31 15:40:05 Image size of job updated: 376624
	103  -  MemoryUsage of job (MB)
	105220  -  ResidentSetSize of job (KB)
...
006 (1351731.000.000) 07/31 15:41:05 Image size of job updated: 1043904
	423  -  MemoryUsage of job (MB)
	432908  -  ResidentSetSize of job (KB)
...
006 (1351731.000.000) 07/31 15:42:06 Image size of job updated: 1044076
	423  -  MemoryUsage of job (MB)
	433076  -  ResidentSetSize of job (KB)
...
006 (1351731.000.000) 07/31 15:45:09 Image size of job updated: 1044076
	423  -  MemoryUsage of job (MB)
	433124  -  ResidentSetSize of job (KB)
...
006 (1351731.000.000) 07/31 15:46:10 Image size of job updated: 1044236
	424  -  MemoryUsage of job (MB)
	433176  -  ResidentSetSize of job (KB)
...
006 (1351731.000.000) 07/31 15:47:11 Image size of job updated: 1044236
	424  -  MemoryUsage of job (MB)
	433232  -  ResidentSetSize of job (KB)
...
006 (1351731.000.000) 07/31 15:49:12 Image size of job updated: 1044236
	424  -  MemoryUsage of job (MB)
	433384  -  ResidentSetSize of job (KB)
...
006 (1351731.000.000) 07/31 15:50:12 Image size of job updated: 1117364
	495  -  MemoryUsage of job (MB)
	506684  -  ResidentSetSize of job (KB)
...
006 (1351731.000.000) 07/31 15:53:12 Image size of job updated: 1117364
	495  -  MemoryUsage of job (MB)
	506696  -  ResidentSetSize of job (KB)
...
006 (1351731.000.000) 07/31 15:58:15 Image size of job updated: 1121264
	499  -  MemoryUsage of job (MB)
	510520  -  ResidentSetSize of job (KB)
...
006 (1351731.000.000) 07/31 16:01:18 Image size of job updated: 1121264
	499  -  MemoryUsage of job (MB)
	510524  -  ResidentSetSize of job (KB)
...
006 (1351731.000.000) 07/31 16:09:19 Image size of job updated: 1121264
	499  -  MemoryUsage of job (MB)
	510676  -  ResidentSetSize of job (KB)
...
006 (1351731.000.000) 07/31 16:10:20 Image size of job updated: 1121264
	500  -  MemoryUsage of job (MB)
	511228  -  ResidentSetSize of job (KB)
...
006 (1351731.000.000) 07/31 16:12:22 Image size of job updated: 1121264
	507  -  MemoryUsage of job (MB)
	518900  -  ResidentSetSize of job (KB)
...
006 (1351731.000.000) 07/31 17:18:56 Image size of job updated: 1121264
	507  -  MemoryUsage of job (MB)
	518928  -  ResidentSetSize of job (KB)
...
005 (1351731.000.000) 07/31 17:22:19 Job terminated.
	(1) Normal termination (return value 0)
		Usr 0 01:35:09, Sys 0 00:01:54  -  Run Remote Usage
		Usr 0 00:00:00, Sys 0 00:00:00  -  Run Local Usage
		Usr 0 01:35:09, Sys 0 00:01:54  -  Total Remote Usage
		Usr 0 00:00:00, Sys 0 00:00:00  -  Total Local Usage
	115341  -  Run Bytes Sent By Job
	80920  -  Run Bytes Received By Job
	115341  -  Total Bytes Sent By Job
	80920  -  Total Bytes Received By Job
	Partitionable Resources :    Usage  Request Allocated
	   Cpus                 :                 1         1
	   Disk (KB)            :   368567 10000000  10543011
	   Memory (MB)          :      507    10000     10000
...
