000 (413875.000.000) 07/26 12:41:01 Job submitted from host: <131.225.190.76:26909?addrs=131.225.190.76-26909>
...
001 (413875.000.000) 07/26 12:41:14 Job executing on host: <131.225.191.78:37842>
...
006 (413875.000.000) 07/26 12:41:19 Image size of job updated: 1
	0  -  MemoryUsage of job (MB)
	0  -  ResidentSetSize of job (KB)
...
005 (413875.000.000) 07/26 12:41:19 Job terminated.
	(1) Normal termination (return value 0)
		Usr 0 00:00:00, Sys 0 00:00:00  -  Run Remote Usage
		Usr 0 00:00:00, Sys 0 00:00:00  -  Run Local Usage
		Usr 0 00:00:00, Sys 0 00:00:00  -  Total Remote Usage
		Usr 0 00:00:00, Sys 0 00:00:00  -  Total Local Usage
	1813  -  Run Bytes Sent By Job
	80210  -  Run Bytes Received By Job
	1813  -  Total Bytes Sent By Job
	80210  -  Total Bytes Received By Job
	Partitionable Resources :    Usage  Request Allocated
	   Cpus                 :                 1         1
	   Disk (KB)            :      565 10000000  15551344
	   Memory (MB)          :        0    10000     10000
...
000 (413880.000.000) 07/26 12:47:50 Job submitted from host: <131.225.190.76:26909?addrs=131.225.190.76-26909>
...
001 (413880.000.000) 07/26 12:47:56 Job executing on host: <131.225.206.166:39156>
...
006 (413880.000.000) 07/26 12:48:04 Image size of job updated: 344080
	76  -  MemoryUsage of job (MB)
	77764  -  ResidentSetSize of job (KB)
...
006 (413880.000.000) 07/26 12:49:04 Image size of job updated: 990624
	371  -  MemoryUsage of job (MB)
	379724  -  ResidentSetSize of job (KB)
...
006 (413880.000.000) 07/26 12:50:05 Image size of job updated: 990756
	371  -  MemoryUsage of job (MB)
	379856  -  ResidentSetSize of job (KB)
...
006 (413880.000.000) 07/26 12:51:06 Image size of job updated: 990888
	372  -  MemoryUsage of job (MB)
	379984  -  ResidentSetSize of job (KB)
...
006 (413880.000.000) 07/26 12:52:07 Image size of job updated: 990888
	372  -  MemoryUsage of job (MB)
	380108  -  ResidentSetSize of job (KB)
...
006 (413880.000.000) 07/26 12:53:08 Image size of job updated: 990888
	372  -  MemoryUsage of job (MB)
	380152  -  ResidentSetSize of job (KB)
...
006 (413880.000.000) 07/26 12:57:11 Image size of job updated: 1066952
	446  -  MemoryUsage of job (MB)
	456196  -  ResidentSetSize of job (KB)
...
006 (413880.000.000) 07/26 13:02:11 Image size of job updated: 1066952
	446  -  MemoryUsage of job (MB)
	456204  -  ResidentSetSize of job (KB)
...
006 (413880.000.000) 07/26 13:03:11 Image size of job updated: 1066952
	446  -  MemoryUsage of job (MB)
	456420  -  ResidentSetSize of job (KB)
...
006 (413880.000.000) 07/26 13:04:11 Image size of job updated: 1066952
	447  -  MemoryUsage of job (MB)
	457032  -  ResidentSetSize of job (KB)
...
006 (413880.000.000) 07/26 13:05:12 Image size of job updated: 1066952
	453  -  MemoryUsage of job (MB)
	462916  -  ResidentSetSize of job (KB)
...
006 (413880.000.000) 07/26 13:06:13 Image size of job updated: 1071372
	459  -  MemoryUsage of job (MB)
	469620  -  ResidentSetSize of job (KB)
...
006 (413880.000.000) 07/26 13:07:14 Image size of job updated: 1071372
	459  -  MemoryUsage of job (MB)
	469628  -  ResidentSetSize of job (KB)
...
006 (413880.000.000) 07/26 13:30:25 Image size of job updated: 1071372
	459  -  MemoryUsage of job (MB)
	469656  -  ResidentSetSize of job (KB)
...
006 (413880.000.000) 07/26 13:50:37 Image size of job updated: 1071372
	460  -  MemoryUsage of job (MB)
	471000  -  ResidentSetSize of job (KB)
...
005 (413880.000.000) 07/26 13:56:37 Job terminated.
	(1) Normal termination (return value 54)
		Usr 0 01:03:05, Sys 0 00:01:22  -  Run Remote Usage
		Usr 0 00:00:00, Sys 0 00:00:00  -  Run Local Usage
		Usr 0 01:03:05, Sys 0 00:01:22  -  Total Remote Usage
		Usr 0 00:00:00, Sys 0 00:00:00  -  Total Local Usage
	77497  -  Run Bytes Sent By Job
	80317  -  Run Bytes Received By Job
	77497  -  Total Bytes Sent By Job
	80317  -  Total Bytes Received By Job
	Partitionable Resources :    Usage  Request Allocated
	   Cpus                 :                 1         1
	   Disk (KB)            :   245972 10000000  11844344
	   Memory (MB)          :      460    10000     10000
...
000 (413890.000.000) 07/26 16:32:18 Job submitted from host: <131.225.190.76:26909?addrs=131.225.190.76-26909>
...
000 (413893.000.000) 07/26 16:35:58 Job submitted from host: <131.225.190.76:26909?addrs=131.225.190.76-26909>
...
001 (413890.000.000) 07/26 18:12:18 Job executing on host: <131.225.204.37:48517>
...
001 (413893.000.000) 07/26 18:12:19 Job executing on host: <131.225.206.38:32774>
...
006 (413890.000.000) 07/26 18:12:27 Image size of job updated: 349992
	89  -  MemoryUsage of job (MB)
	90708  -  ResidentSetSize of job (KB)
...
006 (413893.000.000) 07/26 18:12:28 Image size of job updated: 983292
	362  -  MemoryUsage of job (MB)
	369864  -  ResidentSetSize of job (KB)
...
006 (413890.000.000) 07/26 18:13:28 Image size of job updated: 990792
	371  -  MemoryUsage of job (MB)
	379876  -  ResidentSetSize of job (KB)
...
006 (413893.000.000) 07/26 18:13:29 Image size of job updated: 990788
	372  -  MemoryUsage of job (MB)
	380220  -  ResidentSetSize of job (KB)
...
006 (413890.000.000) 07/26 18:14:29 Image size of job updated: 990792
	372  -  MemoryUsage of job (MB)
	380644  -  ResidentSetSize of job (KB)
...
006 (413893.000.000) 07/26 18:14:31 Image size of job updated: 990788
	372  -  MemoryUsage of job (MB)
	380312  -  ResidentSetSize of job (KB)
...
006 (413890.000.000) 07/26 18:15:30 Image size of job updated: 990944
	372  -  MemoryUsage of job (MB)
	380804  -  ResidentSetSize of job (KB)
...
006 (413893.000.000) 07/26 18:15:31 Image size of job updated: 990924
	372  -  MemoryUsage of job (MB)
	380456  -  ResidentSetSize of job (KB)
...
006 (413893.000.000) 07/26 18:16:31 Image size of job updated: 990924
	372  -  MemoryUsage of job (MB)
	380536  -  ResidentSetSize of job (KB)
...
006 (413890.000.000) 07/26 18:16:31 Image size of job updated: 990944
	379  -  MemoryUsage of job (MB)
	387232  -  ResidentSetSize of job (KB)
...
006 (413893.000.000) 07/26 18:17:31 Image size of job updated: 990924
	372  -  MemoryUsage of job (MB)
	380592  -  ResidentSetSize of job (KB)
...
006 (413890.000.000) 07/26 18:17:32 Image size of job updated: 990944
	379  -  MemoryUsage of job (MB)
	387240  -  ResidentSetSize of job (KB)
...
006 (413890.000.000) 07/26 18:20:35 Image size of job updated: 990944
	379  -  MemoryUsage of job (MB)
	387244  -  ResidentSetSize of job (KB)
...
006 (413893.000.000) 07/26 18:21:31 Image size of job updated: 1066944
	446  -  MemoryUsage of job (MB)
	456644  -  ResidentSetSize of job (KB)
...
006 (413890.000.000) 07/26 18:21:35 Image size of job updated: 1066944
	453  -  MemoryUsage of job (MB)
	463280  -  ResidentSetSize of job (KB)
...
006 (413893.000.000) 07/26 18:25:34 Image size of job updated: 1066944
	446  -  MemoryUsage of job (MB)
	456648  -  ResidentSetSize of job (KB)
...
006 (413890.000.000) 07/26 18:25:35 Image size of job updated: 1066944
	453  -  MemoryUsage of job (MB)
	463288  -  ResidentSetSize of job (KB)
...
006 (413893.000.000) 07/26 18:26:35 Image size of job updated: 1066944
	446  -  MemoryUsage of job (MB)
	456656  -  ResidentSetSize of job (KB)
...
006 (413893.000.000) 07/26 18:27:36 Image size of job updated: 1066944
	446  -  MemoryUsage of job (MB)
	456704  -  ResidentSetSize of job (KB)
...
006 (413890.000.000) 07/26 18:28:36 Image size of job updated: 1071364
	457  -  MemoryUsage of job (MB)
	467708  -  ResidentSetSize of job (KB)
...
006 (413893.000.000) 07/26 18:30:38 Image size of job updated: 1071360
	451  -  MemoryUsage of job (MB)
	461120  -  ResidentSetSize of job (KB)
...
006 (413890.000.000) 07/26 18:30:38 Image size of job updated: 1071364
	457  -  MemoryUsage of job (MB)
	467724  -  ResidentSetSize of job (KB)
...
006 (413893.000.000) 07/26 18:32:38 Image size of job updated: 1071360
	451  -  MemoryUsage of job (MB)
	461172  -  ResidentSetSize of job (KB)
...
006 (413890.000.000) 07/26 18:52:50 Image size of job updated: 1071364
	457  -  MemoryUsage of job (MB)
	467752  -  ResidentSetSize of job (KB)
...
006 (413893.000.000) 07/26 18:57:52 Image size of job updated: 1071360
	451  -  MemoryUsage of job (MB)
	461200  -  ResidentSetSize of job (KB)
...
006 (413893.000.000) 07/26 18:58:53 Image size of job updated: 1071360
	451  -  MemoryUsage of job (MB)
	461320  -  ResidentSetSize of job (KB)
...
006 (413893.000.000) 07/26 18:59:53 Image size of job updated: 1071360
	451  -  MemoryUsage of job (MB)
	461540  -  ResidentSetSize of job (KB)
...
006 (413893.000.000) 07/26 19:00:53 Image size of job updated: 1071360
	455  -  MemoryUsage of job (MB)
	465176  -  ResidentSetSize of job (KB)
...
006 (413893.000.000) 07/26 19:01:53 Image size of job updated: 1071360
	459  -  MemoryUsage of job (MB)
	469024  -  ResidentSetSize of job (KB)
...
006 (413890.000.000) 07/26 19:07:57 Image size of job updated: 1071364
	459  -  MemoryUsage of job (MB)
	469028  -  ResidentSetSize of job (KB)
...
005 (413890.000.000) 07/26 19:19:11 Job terminated.
	(1) Normal termination (return value 0)
		Usr 0 01:01:29, Sys 0 00:01:19  -  Run Remote Usage
		Usr 0 00:00:00, Sys 0 00:00:00  -  Run Local Usage
		Usr 0 01:01:29, Sys 0 00:01:19  -  Total Remote Usage
		Usr 0 00:00:00, Sys 0 00:00:00  -  Total Local Usage
	77763  -  Run Bytes Sent By Job
	80323  -  Run Bytes Received By Job
	77763  -  Total Bytes Sent By Job
	80323  -  Total Bytes Received By Job
	Partitionable Resources :    Usage  Request Allocated
	   Cpus                 :                 1         1
	   Disk (KB)            :   245970 10000000  10594587
	   Memory (MB)          :      459    10000     10000
...
005 (413893.000.000) 07/26 19:23:57 Job terminated.
	(1) Normal termination (return value 54)
		Usr 0 01:05:48, Sys 0 00:01:21  -  Run Remote Usage
		Usr 0 00:00:00, Sys 0 00:00:00  -  Run Local Usage
		Usr 0 01:05:48, Sys 0 00:01:21  -  Total Remote Usage
		Usr 0 00:00:00, Sys 0 00:00:00  -  Total Local Usage
	77510  -  Run Bytes Sent By Job
	80323  -  Run Bytes Received By Job
	77510  -  Total Bytes Sent By Job
	80323  -  Total Bytes Received By Job
	Partitionable Resources :    Usage  Request Allocated
	   Cpus                 :                 1         1
	   Disk (KB)            :   245972 10000000  10220880
	   Memory (MB)          :      459    10000     10000
...
000 (413973.000.000) 07/29 19:20:27 Job submitted from host: <131.225.190.76:26909?addrs=131.225.190.76-26909>
...
001 (413973.000.000) 07/29 19:25:04 Job executing on host: <131.225.204.39:52894>
...
006 (413973.000.000) 07/29 19:25:13 Image size of job updated: 1
	3  -  MemoryUsage of job (MB)
	2468  -  ResidentSetSize of job (KB)
...
006 (413973.000.000) 07/29 19:26:13 Image size of job updated: 990680
	371  -  MemoryUsage of job (MB)
	379752  -  ResidentSetSize of job (KB)
...
006 (413973.000.000) 07/29 19:27:13 Image size of job updated: 990860
	372  -  MemoryUsage of job (MB)
	380624  -  ResidentSetSize of job (KB)
...
006 (413973.000.000) 07/29 19:28:13 Image size of job updated: 990860
	372  -  MemoryUsage of job (MB)
	380700  -  ResidentSetSize of job (KB)
...
006 (413973.000.000) 07/29 19:29:13 Image size of job updated: 990860
	380  -  MemoryUsage of job (MB)
	388524  -  ResidentSetSize of job (KB)
...
006 (413973.000.000) 07/29 19:34:15 Image size of job updated: 1066836
	454  -  MemoryUsage of job (MB)
	464468  -  ResidentSetSize of job (KB)
...
006 (413973.000.000) 07/29 19:41:20 Image size of job updated: 1071256
	458  -  MemoryUsage of job (MB)
	468888  -  ResidentSetSize of job (KB)
...
006 (413973.000.000) 07/29 20:05:32 Image size of job updated: 1071256
	458  -  MemoryUsage of job (MB)
	468916  -  ResidentSetSize of job (KB)
...
006 (413973.000.000) 07/29 20:30:39 Image size of job updated: 1071272
	458  -  MemoryUsage of job (MB)
	468916  -  ResidentSetSize of job (KB)
...
005 (413973.000.000) 07/29 20:30:41 Job terminated.
	(1) Normal termination (return value 0)
		Usr 0 01:00:35, Sys 0 00:01:14  -  Run Remote Usage
		Usr 0 00:00:00, Sys 0 00:00:00  -  Run Local Usage
		Usr 0 01:00:35, Sys 0 00:01:14  -  Total Remote Usage
		Usr 0 00:00:00, Sys 0 00:00:00  -  Total Local Usage
	77762  -  Run Bytes Sent By Job
	80345  -  Run Bytes Received By Job
	77762  -  Total Bytes Sent By Job
	80345  -  Total Bytes Received By Job
	Partitionable Resources :    Usage  Request Allocated
	   Cpus                 :                 1         1
	   Disk (KB)            :   251960 10000000  10664211
	   Memory (MB)          :      458    10000     10000
...
000 (1351732.000.000) 07/31 15:39:50 Job submitted from host: <131.225.190.179:3153?addrs=131.225.190.179-3153>
...
001 (1351732.000.000) 07/31 15:39:58 Job executing on host: <131.225.206.11:44966>
...
006 (1351732.000.000) 07/31 15:40:07 Image size of job updated: 854044
	245  -  MemoryUsage of job (MB)
	250472  -  ResidentSetSize of job (KB)
...
006 (1351732.000.000) 07/31 15:41:08 Image size of job updated: 990812
	371  -  MemoryUsage of job (MB)
	379856  -  ResidentSetSize of job (KB)
...
006 (1351732.000.000) 07/31 15:42:09 Image size of job updated: 990968
	372  -  MemoryUsage of job (MB)
	380012  -  ResidentSetSize of job (KB)
...
006 (1351732.000.000) 07/31 15:43:10 Image size of job updated: 990968
	372  -  MemoryUsage of job (MB)
	380144  -  ResidentSetSize of job (KB)
...
006 (1351732.000.000) 07/31 15:44:11 Image size of job updated: 990968
	372  -  MemoryUsage of job (MB)
	380216  -  ResidentSetSize of job (KB)
...
006 (1351732.000.000) 07/31 15:45:12 Image size of job updated: 990968
	372  -  MemoryUsage of job (MB)
	380268  -  ResidentSetSize of job (KB)
...
006 (1351732.000.000) 07/31 15:49:15 Image size of job updated: 1070800
	450  -  MemoryUsage of job (MB)
	460124  -  ResidentSetSize of job (KB)
...
006 (1351732.000.000) 07/31 15:51:15 Image size of job updated: 1070800
	450  -  MemoryUsage of job (MB)
	460272  -  ResidentSetSize of job (KB)
...
006 (1351732.000.000) 07/31 15:52:15 Image size of job updated: 1070800
	451  -  MemoryUsage of job (MB)
	460832  -  ResidentSetSize of job (KB)
...
006 (1351732.000.000) 07/31 15:53:15 Image size of job updated: 1070800
	456  -  MemoryUsage of job (MB)
	466296  -  ResidentSetSize of job (KB)
...
006 (1351732.000.000) 07/31 15:54:15 Image size of job updated: 1070800
	458  -  MemoryUsage of job (MB)
	468444  -  ResidentSetSize of job (KB)
...
006 (1351732.000.000) 07/31 15:58:18 Image size of job updated: 1074332
	461  -  MemoryUsage of job (MB)
	471976  -  ResidentSetSize of job (KB)
...
006 (1351732.000.000) 07/31 16:22:31 Image size of job updated: 1074332
	461  -  MemoryUsage of job (MB)
	472004  -  ResidentSetSize of job (KB)
...
005 (1351732.000.000) 07/31 16:48:16 Job terminated.
	(1) Normal termination (return value 0)
		Usr 0 01:03:07, Sys 0 00:01:28  -  Run Remote Usage
		Usr 0 00:00:00, Sys 0 00:00:00  -  Run Local Usage
		Usr 0 01:03:07, Sys 0 00:01:28  -  Total Remote Usage
		Usr 0 00:00:00, Sys 0 00:00:00  -  Total Local Usage
	77763  -  Run Bytes Sent By Job
	80921  -  Run Bytes Received By Job
	77763  -  Total Bytes Sent By Job
	80921  -  Total Bytes Received By Job
	Partitionable Resources :    Usage  Request Allocated
	   Cpus                 :                 1         1
	   Disk (KB)            :   253643 10000000  10677324
	   Memory (MB)          :      461    10000     10000
...
