QCD_HT2000toInf
QCD_HT2000toInf_0.root
--pathIn=root://cmsxrootd.fnal.gov//store/user/mkrohn/HHTo4b/SkimmedHeppy_nTuples/
['root://cmsxrootd.fnal.gov//store/user/mkrohn/HHTo4b/SkimmedHeppy_nTuples/QCD_HT2000toInf_TuneCUETP8M1_13TeV-madgraphMLM-pythia8.root']
root://cmsxrootd.fnal.gov//store/user/mkrohn/HHTo4b/SkimmedHeppy_nTuples/QCD_HT2000toInf_TuneCUETP8M1_13TeV-madgraphMLM-pythia8.root
Start looping
processing events 1000
processing events 2000
processing events 3000
processing events 4000
processing events 5000
processing events 6000
processing events 7000
processing events 8000
processing events 9000
processing events 10000
processing events 11000
processing events 12000
processing events 13000
processing events 14000
processing events 15000
processing events 16000
processing events 17000
processing events 18000
processing events 19000
processing events 20000
processing events 21000
processing events 22000
processing events 23000
processing events 24000
processing events 25000
processing events 26000
processing events 27000
processing events 28000
processing events 29000
processing events 30000
processing events 31000
processing events 32000
processing events 33000
processing events 34000
processing events 35000
processing events 36000
processing events 37000
processing events 38000
processing events 39000
processing events 40000
processing events 41000
processing events 42000
processing events 43000
processing events 44000
processing events 45000
processing events 46000
processing events 47000
processing events 48000
processing events 49000
processing events 50000
processing events 51000
processing events 52000
processing events 53000
processing events 54000
processing events 55000
processing events 56000
processing events 57000
processing events 58000
processing events 59000
processing events 60000
processing events 61000
processing events 62000
processing events 63000
processing events 64000
processing events 65000
processing events 66000
processing events 67000
processing events 68000
processing events 69000
processing events 70000
processing events 71000
processing events 72000
processing events 73000
processing events 74000
processing events 75000
processing events 76000
processing events 77000
processing events 78000
processing events 79000
processing events 80000
processing events 81000
processing events 82000
processing events 83000
processing events 84000
processing events 85000
processing events 86000
processing events 87000
processing events 88000
processing events 89000
processing events 90000
processing events 91000
processing events 92000
processing events 93000
processing events 94000
processing events 95000
processing events 96000
processing events 97000
processing events 98000
processing events 99000
processing events 100000
processing events 101000
processing events 102000
processing events 103000
processing events 104000
processing events 105000
processing events 106000
processing events 107000
processing events 108000
processing events 109000
processing events 110000
processing events 111000
processing events 112000
processing events 113000
processing events 114000
processing events 115000
processing events 116000
processing events 117000
processing events 118000
processing events 119000
processing events 120000
processing events 121000
processing events 122000
processing events 123000
processing events 124000
processing events 125000
processing events 126000
processing events 127000
processing events 128000
processing events 129000
processing events 130000
processing events 131000
processing events 132000
processing events 133000
processing events 134000
processing events 135000
processing events 136000
processing events 137000
processing events 138000
processing events 139000
processing events 140000
processing events 141000
processing events 142000
processing events 143000
processing events 144000
processing events 145000
processing events 146000
processing events 147000
processing events 148000
processing events 149000
processing events 150000
processing events 151000
processing events 152000
processing events 153000
processing events 154000
processing events 155000
processing events 156000
processing events 157000
processing events 158000
processing events 159000
processing events 160000
processing events 161000
processing events 162000
processing events 163000
processing events 164000
processing events 165000
processing events 166000
processing events 167000
processing events 168000
processing events 169000
processing events 170000
processing events 171000
processing events 172000
processing events 173000
processing events 174000
processing events 175000
processing events 176000
processing events 177000
processing events 178000
processing events 179000
processing events 180000
processing events 181000
processing events 182000
processing events 183000
processing events 184000
processing events 185000
processing events 186000
processing events 187000
processing events 188000
processing events 189000
processing events 190000
processing events 191000
processing events 192000
processing events 193000
processing events 194000
processing events 195000
processing events 196000
processing events 197000
processing events 198000
processing events 199000
processing events 200000
processing events 201000
processing events 202000
processing events 203000
processing events 204000
processing events 205000
processing events 206000
processing events 207000
processing events 208000
processing events 209000
processing events 210000
processing events 211000
processing events 212000
processing events 213000
processing events 214000
processing events 215000
processing events 216000
processing events 217000
processing events 218000
processing events 219000
processing events 220000
processing events 221000
processing events 222000
processing events 223000
processing events 224000
processing events 225000
processing events 226000
processing events 227000
processing events 228000
processing events 229000
processing events 230000
processing events 231000
processing events 232000
processing events 233000
processing events 234000
processing events 235000
processing events 236000
processing events 237000
processing events 238000
processing events 239000
processing events 240000
processing events 241000
processing events 242000
processing events 243000
processing events 244000
processing events 245000
processing events 246000
processing events 247000
processing events 248000
processing events 249000
processing events 250000
processing events 251000
processing events 252000
processing events 253000
processing events 254000
processing events 255000
processing events 256000
processing events 257000
processing events 258000
processing events 259000
processing events 260000
processing events 261000
processing events 262000
processing events 263000
processing events 264000
processing events 265000
processing events 266000
processing events 267000
processing events 268000
processing events 269000
processing events 270000
processing events 271000
processing events 272000
processing events 273000
processing events 274000
processing events 275000
processing events 276000
processing events 277000
processing events 278000
processing events 279000
processing events 280000
processing events 281000
processing events 282000
processing events 283000
processing events 284000
processing events 285000
processing events 286000
processing events 287000
processing events 288000
processing events 289000
processing events 290000
processing events 291000
processing events 292000
processing events 293000
processing events 294000
processing events 295000
processing events 296000
processing events 297000
processing events 298000
processing events 299000
processing events 300000
processing events 301000
processing events 302000
processing events 303000
processing events 304000
processing events 305000
processing events 306000
processing events 307000
processing events 308000
processing events 309000
processing events 310000
processing events 311000
processing events 312000
processing events 313000
processing events 314000
processing events 315000
processing events 316000
processing events 317000
processing events 318000
processing events 319000
processing events 320000
processing events 321000
processing events 322000
processing events 323000
processing events 324000
processing events 325000
processing events 326000
processing events 327000
processing events 328000
processing events 329000
processing events 330000
processing events 331000
processing events 332000
processing events 333000
processing events 334000
processing events 335000
processing events 336000
processing events 337000
processing events 338000
processing events 339000
processing events 340000
processing events 341000
processing events 342000
processing events 343000
processing events 344000
processing events 345000
processing events 346000
processing events 347000
processing events 348000
processing events 349000
processing events 350000
processing events 351000
processing events 352000
processing events 353000
processing events 354000
processing events 355000
processing events 356000
processing events 357000
processing events 358000
processing events 359000
processing events 360000
processing events 361000
processing events 362000
processing events 363000
processing events 364000
processing events 365000
processing events 366000
processing events 367000
processing events 368000
processing events 369000
processing events 370000
processing events 371000
processing events 372000
processing events 373000
processing events 374000
processing events 375000
processing events 376000
processing events 377000
processing events 378000
processing events 379000
processing events 380000
processing events 381000
processing events 382000
processing events 383000
processing events 384000
processing events 385000
processing events 386000
processing events 387000
processing events 388000
processing events 389000
processing events 390000
processing events 391000
processing events 392000
processing events 393000
processing events 394000
processing events 395000
processing events 396000
processing events 397000
processing events 398000
processing events 399000
processing events 400000
processing events 401000
processing events 402000
processing events 403000
processing events 404000
processing events 405000
processing events 406000
processing events 407000
processing events 408000
processing events 409000
processing events 410000
processing events 411000
processing events 412000
processing events 413000
processing events 414000
processing events 415000
processing events 416000
processing events 417000
processing events 418000
processing events 419000
processing events 420000
processing events 421000
processing events 422000
processing events 423000
processing events 424000
processing events 425000
processing events 426000
processing events 427000
processing events 428000
processing events 429000
processing events 430000
processing events 431000
processing events 432000
processing events 433000
processing events 434000
processing events 435000
processing events 436000
processing events 437000
processing events 438000
processing events 439000
processing events 440000
processing events 441000
processing events 442000
processing events 443000
processing events 444000
processing events 445000
processing events 446000
processing events 447000
processing events 448000
processing events 449000
processing events 450000
processing events 451000
processing events 452000
processing events 453000
processing events 454000
processing events 455000
processing events 456000
processing events 457000
processing events 458000
processing events 459000
processing events 460000
processing events 461000
processing events 462000
processing events 463000
processing events 464000
processing events 465000
processing events 466000
processing events 467000
processing events 468000
processing events 469000
processing events 470000
processing events 471000
processing events 472000
processing events 473000
processing events 474000
processing events 475000
processing events 476000
processing events 477000
processing events 478000
processing events 479000
processing events 480000
processing events 481000
processing events 482000
processing events 483000
processing events 484000
processing events 485000
processing events 486000
processing events 487000
processing events 488000
processing events 489000
processing events 490000
processing events 491000
processing events 492000
processing events 493000
processing events 494000
processing events 495000
processing events 496000
processing events 497000
processing events 498000
processing events 499000
processing events 500000
processing events 501000
processing events 502000
processing events 503000
processing events 504000
processing events 505000
processing events 506000
processing events 507000
processing events 508000
processing events 509000
processing events 510000
processing events 511000
processing events 512000
processing events 513000
processing events 514000
processing events 515000
processing events 516000
processing events 517000
processing events 518000
processing events 519000
processing events 520000
processing events 521000
processing events 522000
processing events 523000
processing events 524000
processing events 525000
processing events 526000
processing events 527000
processing events 528000
processing events 529000
processing events 530000
processing events 531000
processing events 532000
processing events 533000
processing events 534000
processing events 535000
processing events 536000
processing events 537000
processing events 538000
processing events 539000
processing events 540000
processing events 541000
processing events 542000
processing events 543000
processing events 544000
processing events 545000
processing events 546000
processing events 547000
processing events 548000
processing events 549000
processing events 550000
processing events 551000
processing events 552000
processing events 553000
processing events 554000
processing events 555000
processing events 556000
processing events 557000
processing events 558000
processing events 559000
processing events 560000
processing events 561000
processing events 562000
processing events 563000
processing events 564000
processing events 565000
processing events 566000
processing events 567000
processing events 568000
processing events 569000
processing events 570000
processing events 571000
processing events 572000
processing events 573000
processing events 574000
processing events 575000
processing events 576000
processing events 577000
processing events 578000
processing events 579000
processing events 580000
processing events 581000
processing events 582000
processing events 583000
processing events 584000
processing events 585000
processing events 586000
processing events 587000
processing events 588000
processing events 589000
processing events 590000
processing events 591000
processing events 592000
processing events 593000
processing events 594000
processing events 595000
processing events 596000
processing events 597000
processing events 598000
processing events 599000
processing events 600000
processing events 601000
processing events 602000
processing events 603000
processing events 604000
processing events 605000
processing events 606000
processing events 607000
processing events 608000
processing events 609000
processing events 610000
processing events 611000
processing events 612000
processing events 613000
processing events 614000
processing events 615000
processing events 616000
processing events 617000
processing events 618000
processing events 619000
processing events 620000
processing events 621000
processing events 622000
processing events 623000
processing events 624000
processing events 625000
processing events 626000
processing events 627000
processing events 628000
processing events 629000
processing events 630000
processing events 631000
processing events 632000
processing events 633000
processing events 634000
processing events 635000
processing events 636000
processing events 637000
processing events 638000
processing events 639000
processing events 640000
processing events 641000
processing events 642000
processing events 643000
processing events 644000
processing events 645000
processing events 646000
processing events 647000
processing events 648000
processing events 649000
processing events 650000
processing events 651000
processing events 652000
processing events 653000
processing events 654000
processing events 655000
processing events 656000
processing events 657000
processing events 658000
processing events 659000
processing events 660000
processing events 661000
processing events 662000
processing events 663000
processing events 664000
processing events 665000
processing events 666000
processing events 667000
processing events 668000
processing events 669000
processing events 670000
processing events 671000
processing events 672000
processing events 673000
processing events 674000
processing events 675000
processing events 676000
processing events 677000
processing events 678000
processing events 679000
processing events 680000
processing events 681000
processing events 682000
processing events 683000
processing events 684000
processing events 685000
processing events 686000
processing events 687000
processing events 688000
processing events 689000
processing events 690000
processing events 691000
processing events 692000
processing events 693000
processing events 694000
processing events 695000
processing events 696000
processing events 697000
processing events 698000
processing events 699000
processing events 700000
processing events 701000
processing events 702000
processing events 703000
processing events 704000
processing events 705000
processing events 706000
processing events 707000
processing events 708000
processing events 709000
processing events 710000
processing events 711000
processing events 712000
processing events 713000
processing events 714000
processing events 715000
processing events 716000
processing events 717000
processing events 718000
processing events 719000
processing events 720000
processing events 721000
processing events 722000
processing events 723000
processing events 724000
processing events 725000
processing events 726000
processing events 727000
processing events 728000
processing events 729000
processing events 730000
processing events 731000
processing events 732000
processing events 733000
processing events 734000
processing events 735000
processing events 736000
processing events 737000
processing events 738000
processing events 739000
processing events 740000
processing events 741000
processing events 742000
processing events 743000
processing events 744000
processing events 745000
processing events 746000
processing events 747000
processing events 748000
processing events 749000
processing events 750000
processing events 751000
processing events 752000
processing events 753000
processing events 754000
processing events 755000
processing events 756000
processing events 757000
processing events 758000
processing events 759000
processing events 760000
processing events 761000
processing events 762000
processing events 763000
processing events 764000
processing events 765000
processing events 766000
processing events 767000
processing events 768000
processing events 769000
processing events 770000
processing events 771000
processing events 772000
processing events 773000
processing events 774000
processing events 775000
processing events 776000
processing events 777000
processing events 778000
processing events 779000
processing events 780000
processing events 781000
processing events 782000
processing events 783000
processing events 784000
processing events 785000
processing events 786000
processing events 787000
processing events 788000
processing events 789000
processing events 790000
processing events 791000
processing events 792000
processing events 793000
processing events 794000
processing events 795000
processing events 796000
processing events 797000
processing events 798000
processing events 799000
processing events 800000
processing events 801000
processing events 802000
processing events 803000
processing events 804000
processing events 805000
processing events 806000
processing events 807000
processing events 808000
processing events 809000
processing events 810000
processing events 811000
processing events 812000
processing events 813000
processing events 814000
processing events 815000
processing events 816000
processing events 817000
processing events 818000
processing events 819000
processing events 820000
processing events 821000
processing events 822000
processing events 823000
processing events 824000
processing events 825000
processing events 826000
processing events 827000
processing events 828000
processing events 829000
processing events 830000
processing events 831000
processing events 832000
processing events 833000
processing events 834000
processing events 835000
processing events 836000
processing events 837000
processing events 838000
processing events 839000
processing events 840000
processing events 841000
processing events 842000
processing events 843000
processing events 844000
processing events 845000
processing events 846000
processing events 847000
processing events 848000
processing events 849000
processing events 850000
processing events 851000
processing events 852000
processing events 853000
processing events 854000
processing events 855000
processing events 856000
processing events 857000
processing events 858000
processing events 859000
processing events 860000
processing events 861000
processing events 862000
processing events 863000
processing events 864000
processing events 865000
processing events 866000
processing events 867000
processing events 868000
processing events 869000
processing events 870000
processing events 871000
processing events 872000
processing events 873000
processing events 874000
processing events 875000
processing events 876000
processing events 877000
processing events 878000
processing events 879000
processing events 880000
processing events 881000
processing events 882000
processing events 883000
processing events 884000
processing events 885000
processing events 886000
processing events 887000
processing events 888000
processing events 889000
processing events 890000
processing events 891000
processing events 892000
processing events 893000
processing events 894000
processing events 895000
processing events 896000
processing events 897000
processing events 898000
processing events 899000
processing events 900000
processing events 901000
processing events 902000
processing events 903000
processing events 904000
processing events 905000
processing events 906000
processing events 907000
processing events 908000
processing events 909000
processing events 910000
processing events 911000
processing events 912000
processing events 913000
processing events 914000
processing events 915000
processing events 916000
processing events 917000
processing events 918000
processing events 919000
processing events 920000
processing events 921000
processing events 922000
processing events 923000
processing events 924000
processing events 925000
processing events 926000
processing events 927000
processing events 928000
processing events 929000
processing events 930000
processing events 931000
processing events 932000
processing events 933000
processing events 934000
processing events 935000
processing events 936000
processing events 937000
processing events 938000
processing events 939000
processing events 940000
processing events 941000
processing events 942000
processing events 943000
processing events 944000
processing events 945000
processing events 946000
processing events 947000
processing events 948000
processing events 949000
processing events 950000
processing events 951000
processing events 952000
processing events 953000
processing events 954000
processing events 955000
processing events 956000
processing events 957000
processing events 958000
processing events 959000
processing events 960000
processing events 961000
processing events 962000
processing events 963000
processing events 964000
processing events 965000
processing events 966000
processing events 967000
processing events 968000
processing events 969000
processing events 970000
processing events 971000
processing events 972000
processing events 973000
processing events 974000
processing events 975000
processing events 976000
processing events 977000
processing events 978000
processing events 979000
processing events 980000
processing events 981000
processing events 982000
processing events 983000
processing events 984000
processing events 985000
processing events 986000
processing events 987000
processing events 988000
processing events 989000
processing events 990000
processing events 991000
processing events 992000
processing events 993000
processing events 994000
processing events 995000
processing events 996000
processing events 997000
processing events 998000
processing events 999000
processing events 1000000
processing events 1001000
processing events 1002000
processing events 1003000
processing events 1004000
processing events 1005000
processing events 1006000
processing events 1007000
processing events 1008000
processing events 1009000
processing events 1010000
processing events 1011000
processing events 1012000
processing events 1013000
processing events 1014000
processing events 1015000
processing events 1016000
processing events 1017000
processing events 1018000
processing events 1019000
processing events 1020000
processing events 1021000
processing events 1022000
processing events 1023000
processing events 1024000
processing events 1025000
processing events 1026000
processing events 1027000
processing events 1028000
processing events 1029000
processing events 1030000
processing events 1031000
processing events 1032000
processing events 1033000
processing events 1034000
processing events 1035000
processing events 1036000
processing events 1037000
processing events 1038000
processing events 1039000
processing events 1040000
processing events 1041000
processing events 1042000
processing events 1043000
processing events 1044000
processing events 1045000
processing events 1046000
processing events 1047000
processing events 1048000
processing events 1049000
processing events 1050000
processing events 1051000
processing events 1052000
processing events 1053000
processing events 1054000
processing events 1055000
processing events 1056000
processing events 1057000
processing events 1058000
processing events 1059000
processing events 1060000
processing events 1061000
processing events 1062000
processing events 1063000
processing events 1064000
processing events 1065000
processing events 1066000
processing events 1067000
processing events 1068000
processing events 1069000
processing events 1070000
processing events 1071000
processing events 1072000
processing events 1073000
processing events 1074000
processing events 1075000
processing events 1076000
processing events 1077000
processing events 1078000
processing events 1079000
processing events 1080000
processing events 1081000
processing events 1082000
processing events 1083000
processing events 1084000
processing events 1085000
processing events 1086000
processing events 1087000
processing events 1088000
processing events 1089000
processing events 1090000
processing events 1091000
processing events 1092000
processing events 1093000
processing events 1094000
processing events 1095000
processing events 1096000
processing events 1097000
processing events 1098000
processing events 1099000
processing events 1100000
processing events 1101000
processing events 1102000
processing events 1103000
processing events 1104000
processing events 1105000
processing events 1106000
processing events 1107000
processing events 1108000
processing events 1109000
processing events 1110000
processing events 1111000
processing events 1112000
processing events 1113000
processing events 1114000
processing events 1115000
processing events 1116000
processing events 1117000
processing events 1118000
processing events 1119000
processing events 1120000
processing events 1121000
processing events 1122000
processing events 1123000
processing events 1124000
processing events 1125000
processing events 1126000
processing events 1127000
processing events 1128000
processing events 1129000
processing events 1130000
processing events 1131000
processing events 1132000
processing events 1133000
processing events 1134000
processing events 1135000
processing events 1136000
processing events 1137000
processing events 1138000
processing events 1139000
processing events 1140000
processing events 1141000
processing events 1142000
processing events 1143000
processing events 1144000
processing events 1145000
processing events 1146000
processing events 1147000
processing events 1148000
processing events 1149000
processing events 1150000
processing events 1151000
processing events 1152000
processing events 1153000
processing events 1154000
processing events 1155000
processing events 1156000
processing events 1157000
processing events 1158000
processing events 1159000
processing events 1160000
processing events 1161000
processing events 1162000
processing events 1163000
processing events 1164000
processing events 1165000
processing events 1166000
processing events 1167000
processing events 1168000
processing events 1169000
processing events 1170000
processing events 1171000
processing events 1172000
processing events 1173000
processing events 1174000
processing events 1175000
processing events 1176000
processing events 1177000
processing events 1178000
processing events 1179000
processing events 1180000
processing events 1181000
processing events 1182000
processing events 1183000
processing events 1184000
processing events 1185000
processing events 1186000
processing events 1187000
processing events 1188000
processing events 1189000
processing events 1190000
processing events 1191000
processing events 1192000
processing events 1193000
processing events 1194000
processing events 1195000
processing events 1196000
processing events 1197000
processing events 1198000
processing events 1199000
processing events 1200000
processing events 1201000
processing events 1202000
processing events 1203000
processing events 1204000
processing events 1205000
processing events 1206000
processing events 1207000
processing events 1208000
processing events 1209000
processing events 1210000
processing events 1211000
processing events 1212000
processing events 1213000
processing events 1214000
processing events 1215000
processing events 1216000
processing events 1217000
processing events 1218000
processing events 1219000
processing events 1220000
processing events 1221000
processing events 1222000
processing events 1223000
processing events 1224000
processing events 1225000
processing events 1226000
processing events 1227000
processing events 1228000
processing events 1229000
processing events 1230000
processing events 1231000
processing events 1232000
processing events 1233000
processing events 1234000
processing events 1235000
processing events 1236000
processing events 1237000
processing events 1238000
processing events 1239000
processing events 1240000
processing events 1241000
processing events 1242000
processing events 1243000
processing events 1244000
processing events 1245000
processing events 1246000
processing events 1247000
processing events 1248000
processing events 1249000
processing events 1250000
processing events 1251000
processing events 1252000
processing events 1253000
processing events 1254000
processing events 1255000
processing events 1256000
processing events 1257000
processing events 1258000
processing events 1259000
processing events 1260000
processing events 1261000
processing events 1262000
processing events 1263000
processing events 1264000
processing events 1265000
processing events 1266000
processing events 1267000
processing events 1268000
processing events 1269000
processing events 1270000
processing events 1271000
processing events 1272000
processing events 1273000
processing events 1274000
processing events 1275000
processing events 1276000
processing events 1277000
processing events 1278000
processing events 1279000
processing events 1280000
processing events 1281000
processing events 1282000
processing events 1283000
processing events 1284000
processing events 1285000
processing events 1286000
processing events 1287000
processing events 1288000
processing events 1289000
processing events 1290000
processing events 1291000
processing events 1292000
processing events 1293000
processing events 1294000
processing events 1295000
processing events 1296000
processing events 1297000
processing events 1298000
processing events 1299000
processing events 1300000
processing events 1301000
processing events 1302000
processing events 1303000
processing events 1304000
OK
