000 (413871.000.000) 07/26 12:01:22 Job submitted from host: <131.225.190.76:26909?addrs=131.225.190.76-26909>
...
001 (413871.000.000) 07/26 12:01:31 Job executing on host: <131.225.206.175:47800>
...
006 (413871.000.000) 07/26 12:01:40 Image size of job updated: 129036
	7  -  MemoryUsage of job (MB)
	6972  -  ResidentSetSize of job (KB)
...
006 (413871.000.000) 07/26 12:02:41 Image size of job updated: 1415360
	783  -  MemoryUsage of job (MB)
	801032  -  ResidentSetSize of job (KB)
...
006 (413871.000.000) 07/26 12:03:42 Image size of job updated: 1415360
	784  -  MemoryUsage of job (MB)
	801868  -  ResidentSetSize of job (KB)
...
006 (413871.000.000) 07/26 12:04:43 Image size of job updated: 1415360
	784  -  MemoryUsage of job (MB)
	802308  -  ResidentSetSize of job (KB)
...
006 (413871.000.000) 07/26 12:05:44 Image size of job updated: 1415696
	784  -  MemoryUsage of job (MB)
	802460  -  ResidentSetSize of job (KB)
...
006 (413871.000.000) 07/26 12:07:45 Image size of job updated: 1415696
	784  -  MemoryUsage of job (MB)
	802468  -  ResidentSetSize of job (KB)
...
006 (413871.000.000) 07/26 12:10:45 Image size of job updated: 1415696
	784  -  MemoryUsage of job (MB)
	802520  -  ResidentSetSize of job (KB)
...
006 (413871.000.000) 07/26 12:14:47 Image size of job updated: 1415696
	784  -  MemoryUsage of job (MB)
	802688  -  ResidentSetSize of job (KB)
...
006 (413871.000.000) 07/26 12:24:52 Image size of job updated: 1415696
	784  -  MemoryUsage of job (MB)
	802708  -  ResidentSetSize of job (KB)
...
006 (413871.000.000) 07/26 12:30:56 Image size of job updated: 1415696
	785  -  MemoryUsage of job (MB)
	803164  -  ResidentSetSize of job (KB)
...
006 (413871.000.000) 07/26 12:31:57 Image size of job updated: 1415696
	785  -  MemoryUsage of job (MB)
	803168  -  ResidentSetSize of job (KB)
...
006 (413871.000.000) 07/26 12:36:59 Image size of job updated: 1415696
	795  -  MemoryUsage of job (MB)
	813340  -  ResidentSetSize of job (KB)
...
006 (413871.000.000) 07/26 12:37:59 Image size of job updated: 1415696
	797  -  MemoryUsage of job (MB)
	815312  -  ResidentSetSize of job (KB)
...
004 (413871.000.000) 07/26 12:42:57 Job was evicted.
	(0) Job was not checkpointed.
		Usr 0 00:39:00, Sys 0 00:00:20  -  Run Remote Usage
		Usr 0 00:00:00, Sys 0 00:00:00  -  Run Local Usage
	0  -  Run Bytes Sent By Job
	80160  -  Run Bytes Received By Job
	Partitionable Resources :    Usage  Request Allocated
	   Cpus                 :                 1         1
	   Disk (KB)            :    17119 10000000  12136148
	   Memory (MB)          :      797    10000     10000
...
009 (413871.000.000) 07/26 12:42:57 Job was aborted by the user.
	via condor_rm (by user mkrohn)
...
000 (413876.000.000) 07/26 12:47:40 Job submitted from host: <131.225.190.76:26909?addrs=131.225.190.76-26909>
...
001 (413876.000.000) 07/26 12:47:56 Job executing on host: <131.225.206.175:47800>
...
006 (413876.000.000) 07/26 12:48:04 Image size of job updated: 1
	3  -  MemoryUsage of job (MB)
	2456  -  ResidentSetSize of job (KB)
...
006 (413876.000.000) 07/26 12:49:04 Image size of job updated: 1415376
	782  -  MemoryUsage of job (MB)
	800660  -  ResidentSetSize of job (KB)
...
006 (413876.000.000) 07/26 12:50:04 Image size of job updated: 1415376
	783  -  MemoryUsage of job (MB)
	801476  -  ResidentSetSize of job (KB)
...
006 (413876.000.000) 07/26 12:51:04 Image size of job updated: 1415376
	784  -  MemoryUsage of job (MB)
	802024  -  ResidentSetSize of job (KB)
...
006 (413876.000.000) 07/26 12:52:04 Image size of job updated: 1415708
	784  -  MemoryUsage of job (MB)
	802212  -  ResidentSetSize of job (KB)
...
006 (413876.000.000) 07/26 12:57:09 Image size of job updated: 1415708
	784  -  MemoryUsage of job (MB)
	802260  -  ResidentSetSize of job (KB)
...
006 (413876.000.000) 07/26 13:01:10 Image size of job updated: 1415708
	784  -  MemoryUsage of job (MB)
	802436  -  ResidentSetSize of job (KB)
...
006 (413876.000.000) 07/26 13:25:24 Image size of job updated: 1415708
	784  -  MemoryUsage of job (MB)
	802664  -  ResidentSetSize of job (KB)
...
006 (413876.000.000) 07/26 13:26:24 Image size of job updated: 1415708
	785  -  MemoryUsage of job (MB)
	803168  -  ResidentSetSize of job (KB)
...
006 (413876.000.000) 07/26 13:31:24 Image size of job updated: 1415708
	788  -  MemoryUsage of job (MB)
	806852  -  ResidentSetSize of job (KB)
...
006 (413876.000.000) 07/26 13:32:24 Image size of job updated: 1415708
	797  -  MemoryUsage of job (MB)
	815304  -  ResidentSetSize of job (KB)
...
006 (413876.000.000) 07/26 13:40:30 Image size of job updated: 1415708
	797  -  MemoryUsage of job (MB)
	815312  -  ResidentSetSize of job (KB)
...
006 (413876.000.000) 07/26 14:00:38 Image size of job updated: 1491788
	871  -  MemoryUsage of job (MB)
	891376  -  ResidentSetSize of job (KB)
...
006 (413876.000.000) 07/26 14:21:52 Image size of job updated: 1491788
	871  -  MemoryUsage of job (MB)
	891404  -  ResidentSetSize of job (KB)
...
006 (413876.000.000) 07/26 15:08:13 Image size of job updated: 1496208
	875  -  MemoryUsage of job (MB)
	895824  -  ResidentSetSize of job (KB)
...
000 (413895.000.000) 07/26 16:36:11 Job submitted from host: <131.225.190.76:26909?addrs=131.225.190.76-26909>
...
006 (413876.000.000) 07/26 17:18:28 Image size of job updated: 1496224
	875  -  MemoryUsage of job (MB)
	895824  -  ResidentSetSize of job (KB)
...
005 (413876.000.000) 07/26 17:18:29 Job terminated.
	(1) Normal termination (return value 0)
		Usr 0 04:13:52, Sys 0 00:02:20  -  Run Remote Usage
		Usr 0 00:00:00, Sys 0 00:00:00  -  Run Local Usage
		Usr 0 04:13:52, Sys 0 00:02:20  -  Total Remote Usage
		Usr 0 00:00:00, Sys 0 00:00:00  -  Total Local Usage
	392632  -  Run Bytes Sent By Job
	80266  -  Run Bytes Received By Job
	392632  -  Total Bytes Sent By Job
	80266  -  Total Bytes Received By Job
	Partitionable Resources :    Usage  Request Allocated
	   Cpus                 :                 1         1
	   Disk (KB)            :   116903 10000000  12105812
	   Memory (MB)          :      875    10000     10000
...
001 (413895.000.000) 07/26 18:12:19 Job executing on host: <131.225.204.91:56489>
...
006 (413895.000.000) 07/26 18:12:28 Image size of job updated: 130064
	8  -  MemoryUsage of job (MB)
	8048  -  ResidentSetSize of job (KB)
...
006 (413895.000.000) 07/26 18:13:29 Image size of job updated: 1415372
	708  -  MemoryUsage of job (MB)
	724292  -  ResidentSetSize of job (KB)
...
006 (413895.000.000) 07/26 18:14:31 Image size of job updated: 1415372
	709  -  MemoryUsage of job (MB)
	725100  -  ResidentSetSize of job (KB)
...
006 (413895.000.000) 07/26 18:15:31 Image size of job updated: 1415372
	709  -  MemoryUsage of job (MB)
	725572  -  ResidentSetSize of job (KB)
...
006 (413895.000.000) 07/26 18:16:31 Image size of job updated: 1415548
	709  -  MemoryUsage of job (MB)
	725736  -  ResidentSetSize of job (KB)
...
006 (413895.000.000) 07/26 18:18:31 Image size of job updated: 1415548
	710  -  MemoryUsage of job (MB)
	726036  -  ResidentSetSize of job (KB)
...
006 (413895.000.000) 07/26 18:20:31 Image size of job updated: 1415548
	710  -  MemoryUsage of job (MB)
	726040  -  ResidentSetSize of job (KB)
...
006 (413895.000.000) 07/26 18:21:31 Image size of job updated: 1415548
	710  -  MemoryUsage of job (MB)
	726120  -  ResidentSetSize of job (KB)
...
006 (413895.000.000) 07/26 18:25:35 Image size of job updated: 1415704
	710  -  MemoryUsage of job (MB)
	726272  -  ResidentSetSize of job (KB)
...
006 (413895.000.000) 07/26 18:48:44 Image size of job updated: 1415704
	710  -  MemoryUsage of job (MB)
	726280  -  ResidentSetSize of job (KB)
...
006 (413895.000.000) 07/26 18:49:45 Image size of job updated: 1415704
	710  -  MemoryUsage of job (MB)
	726300  -  ResidentSetSize of job (KB)
...
006 (413895.000.000) 07/26 18:50:46 Image size of job updated: 1415704
	710  -  MemoryUsage of job (MB)
	726820  -  ResidentSetSize of job (KB)
...
006 (413895.000.000) 07/26 18:51:47 Image size of job updated: 1415704
	710  -  MemoryUsage of job (MB)
	726904  -  ResidentSetSize of job (KB)
...
006 (413895.000.000) 07/26 18:56:51 Image size of job updated: 1415704
	720  -  MemoryUsage of job (MB)
	736608  -  ResidentSetSize of job (KB)
...
006 (413895.000.000) 07/26 18:57:51 Image size of job updated: 1415704
	720  -  MemoryUsage of job (MB)
	737076  -  ResidentSetSize of job (KB)
...
006 (413895.000.000) 07/26 19:25:06 Image size of job updated: 1491752
	798  -  MemoryUsage of job (MB)
	816560  -  ResidentSetSize of job (KB)
...
006 (413895.000.000) 07/26 19:46:17 Image size of job updated: 1491752
	798  -  MemoryUsage of job (MB)
	816588  -  ResidentSetSize of job (KB)
...
006 (413895.000.000) 07/26 20:32:39 Image size of job updated: 1496172
	802  -  MemoryUsage of job (MB)
	821012  -  ResidentSetSize of job (KB)
...
005 (413895.000.000) 07/26 22:41:40 Job terminated.
	(1) Normal termination (return value 0)
		Usr 0 04:12:44, Sys 0 00:02:27  -  Run Remote Usage
		Usr 0 00:00:00, Sys 0 00:00:00  -  Run Local Usage
		Usr 0 04:12:44, Sys 0 00:02:27  -  Total Remote Usage
		Usr 0 00:00:00, Sys 0 00:00:00  -  Total Local Usage
	392632  -  Run Bytes Sent By Job
	80272  -  Run Bytes Received By Job
	392632  -  Total Bytes Sent By Job
	80272  -  Total Bytes Received By Job
	Partitionable Resources :    Usage  Request Allocated
	   Cpus                 :                 1         1
	   Disk (KB)            :   116902 10000000  10508694
	   Memory (MB)          :      802    10000     10000
...
000 (413975.000.000) 07/29 19:20:36 Job submitted from host: <131.225.190.76:26909?addrs=131.225.190.76-26909>
...
001 (413975.000.000) 07/29 19:26:18 Job executing on host: <131.225.204.59:56453>
...
006 (413975.000.000) 07/29 19:26:26 Image size of job updated: 186836
	19  -  MemoryUsage of job (MB)
	18480  -  ResidentSetSize of job (KB)
...
006 (413975.000.000) 07/29 19:27:26 Image size of job updated: 1415368
	782  -  MemoryUsage of job (MB)
	800704  -  ResidentSetSize of job (KB)
...
006 (413975.000.000) 07/29 19:28:26 Image size of job updated: 1415368
	783  -  MemoryUsage of job (MB)
	801560  -  ResidentSetSize of job (KB)
...
006 (413975.000.000) 07/29 19:29:26 Image size of job updated: 1415368
	784  -  MemoryUsage of job (MB)
	802092  -  ResidentSetSize of job (KB)
...
006 (413975.000.000) 07/29 19:30:26 Image size of job updated: 1415548
	784  -  MemoryUsage of job (MB)
	802280  -  ResidentSetSize of job (KB)
...
006 (413975.000.000) 07/29 19:35:29 Image size of job updated: 1415708
	784  -  MemoryUsage of job (MB)
	802364  -  ResidentSetSize of job (KB)
...
006 (413975.000.000) 07/29 19:39:33 Image size of job updated: 1415708
	784  -  MemoryUsage of job (MB)
	802496  -  ResidentSetSize of job (KB)
...
006 (413975.000.000) 07/29 19:40:34 Image size of job updated: 1415708
	785  -  MemoryUsage of job (MB)
	803128  -  ResidentSetSize of job (KB)
...
006 (413975.000.000) 07/29 19:46:34 Image size of job updated: 1415708
	795  -  MemoryUsage of job (MB)
	813312  -  ResidentSetSize of job (KB)
...
006 (413975.000.000) 07/29 20:14:48 Image size of job updated: 1415708
	795  -  MemoryUsage of job (MB)
	813320  -  ResidentSetSize of job (KB)
...
006 (413975.000.000) 07/29 20:17:50 Image size of job updated: 1415708
	795  -  MemoryUsage of job (MB)
	813340  -  ResidentSetSize of job (KB)
...
006 (413975.000.000) 07/29 20:32:58 Image size of job updated: 1489668
	867  -  MemoryUsage of job (MB)
	887320  -  ResidentSetSize of job (KB)
...
006 (413975.000.000) 07/29 20:55:09 Image size of job updated: 1489668
	867  -  MemoryUsage of job (MB)
	887348  -  ResidentSetSize of job (KB)
...
006 (413975.000.000) 07/29 21:36:31 Image size of job updated: 1490528
	868  -  MemoryUsage of job (MB)
	888184  -  ResidentSetSize of job (KB)
...
006 (413975.000.000) 07/29 21:37:31 Image size of job updated: 1493964
	871  -  MemoryUsage of job (MB)
	891620  -  ResidentSetSize of job (KB)
...
005 (413975.000.000) 07/29 23:48:40 Job terminated.
	(1) Normal termination (return value 0)
		Usr 0 04:06:05, Sys 0 00:02:17  -  Run Remote Usage
		Usr 0 00:00:00, Sys 0 00:00:00  -  Run Local Usage
		Usr 0 04:06:05, Sys 0 00:02:17  -  Total Remote Usage
		Usr 0 00:00:00, Sys 0 00:00:00  -  Total Local Usage
	392609  -  Run Bytes Sent By Job
	80294  -  Run Bytes Received By Job
	392609  -  Total Bytes Sent By Job
	80294  -  Total Bytes Received By Job
	Partitionable Resources :    Usage  Request Allocated
	   Cpus                 :                 1         1
	   Disk (KB)            :   119734 10000000  10164891
	   Memory (MB)          :      871    10000     10000
...
000 (1351736.000.000) 07/31 15:40:03 Job submitted from host: <131.225.190.179:3153?addrs=131.225.190.179-3153>
...
001 (1351736.000.000) 07/31 15:40:18 Job executing on host: <131.225.206.13:53642>
...
006 (1351736.000.000) 07/31 15:40:26 Image size of job updated: 1
	3  -  MemoryUsage of job (MB)
	2464  -  ResidentSetSize of job (KB)
...
006 (1351736.000.000) 07/31 15:41:26 Image size of job updated: 1415536
	784  -  MemoryUsage of job (MB)
	802768  -  ResidentSetSize of job (KB)
...
006 (1351736.000.000) 07/31 15:42:26 Image size of job updated: 1415536
	785  -  MemoryUsage of job (MB)
	803680  -  ResidentSetSize of job (KB)
...
006 (1351736.000.000) 07/31 15:43:27 Image size of job updated: 1415536
	786  -  MemoryUsage of job (MB)
	804176  -  ResidentSetSize of job (KB)
...
006 (1351736.000.000) 07/31 15:44:28 Image size of job updated: 1415868
	786  -  MemoryUsage of job (MB)
	804340  -  ResidentSetSize of job (KB)
...
006 (1351736.000.000) 07/31 15:49:33 Image size of job updated: 1415868
	786  -  MemoryUsage of job (MB)
	804392  -  ResidentSetSize of job (KB)
...
006 (1351736.000.000) 07/31 15:52:33 Image size of job updated: 1415868
	786  -  MemoryUsage of job (MB)
	804540  -  ResidentSetSize of job (KB)
...
006 (1351736.000.000) 07/31 15:53:33 Image size of job updated: 1415868
	786  -  MemoryUsage of job (MB)
	804576  -  ResidentSetSize of job (KB)
...
006 (1351736.000.000) 07/31 16:02:38 Image size of job updated: 1415868
	786  -  MemoryUsage of job (MB)
	804828  -  ResidentSetSize of job (KB)
...
006 (1351736.000.000) 07/31 16:03:39 Image size of job updated: 1415868
	787  -  MemoryUsage of job (MB)
	805364  -  ResidentSetSize of job (KB)
...
006 (1351736.000.000) 07/31 16:08:40 Image size of job updated: 1415868
	793  -  MemoryUsage of job (MB)
	811732  -  ResidentSetSize of job (KB)
...
006 (1351736.000.000) 07/31 16:09:40 Image size of job updated: 1415868
	797  -  MemoryUsage of job (MB)
	815536  -  ResidentSetSize of job (KB)
...
006 (1351736.000.000) 07/31 16:28:49 Image size of job updated: 1415868
	797  -  MemoryUsage of job (MB)
	815544  -  ResidentSetSize of job (KB)
...
006 (1351736.000.000) 07/31 16:48:03 Image size of job updated: 1492380
	872  -  MemoryUsage of job (MB)
	892040  -  ResidentSetSize of job (KB)
...
006 (1351736.000.000) 07/31 17:10:10 Image size of job updated: 1492380
	872  -  MemoryUsage of job (MB)
	892068  -  ResidentSetSize of job (KB)
...
006 (1351736.000.000) 07/31 17:51:32 Image size of job updated: 1496252
	875  -  MemoryUsage of job (MB)
	895940  -  ResidentSetSize of job (KB)
...
