000 (413872.000.000) 07/26 12:04:37 Job submitted from host: <131.225.190.76:26909?addrs=131.225.190.76-26909>
...
001 (413872.000.000) 07/26 12:04:57 Job executing on host: <131.225.207.155:41400>
...
006 (413872.000.000) 07/26 12:05:05 Image size of job updated: 419672
	134  -  MemoryUsage of job (MB)
	136752  -  ResidentSetSize of job (KB)
...
006 (413872.000.000) 07/26 12:06:05 Image size of job updated: 1554876
	921  -  MemoryUsage of job (MB)
	943012  -  ResidentSetSize of job (KB)
...
006 (413872.000.000) 07/26 12:08:05 Image size of job updated: 1555008
	921  -  MemoryUsage of job (MB)
	943072  -  ResidentSetSize of job (KB)
...
006 (413872.000.000) 07/26 12:09:05 Image size of job updated: 1555008
	921  -  MemoryUsage of job (MB)
	943104  -  ResidentSetSize of job (KB)
...
006 (413872.000.000) 07/26 12:10:05 Image size of job updated: 1555008
	922  -  MemoryUsage of job (MB)
	943216  -  ResidentSetSize of job (KB)
...
006 (413872.000.000) 07/26 12:11:06 Image size of job updated: 1555008
	922  -  MemoryUsage of job (MB)
	943220  -  ResidentSetSize of job (KB)
...
006 (413872.000.000) 07/26 12:12:07 Image size of job updated: 1555008
	922  -  MemoryUsage of job (MB)
	943304  -  ResidentSetSize of job (KB)
...
006 (413872.000.000) 07/26 12:13:08 Image size of job updated: 1555008
	922  -  MemoryUsage of job (MB)
	943308  -  ResidentSetSize of job (KB)
...
006 (413872.000.000) 07/26 12:15:10 Image size of job updated: 1555008
	922  -  MemoryUsage of job (MB)
	943312  -  ResidentSetSize of job (KB)
...
006 (413872.000.000) 07/26 12:17:12 Image size of job updated: 1555140
	922  -  MemoryUsage of job (MB)
	943536  -  ResidentSetSize of job (KB)
...
006 (413872.000.000) 07/26 12:19:12 Image size of job updated: 1627112
	992  -  MemoryUsage of job (MB)
	1015660  -  ResidentSetSize of job (KB)
...
006 (413872.000.000) 07/26 12:25:13 Image size of job updated: 1627112
	992  -  MemoryUsage of job (MB)
	1015676  -  ResidentSetSize of job (KB)
...
006 (413872.000.000) 07/26 12:32:19 Image size of job updated: 1630516
	996  -  MemoryUsage of job (MB)
	1019080  -  ResidentSetSize of job (KB)
...
006 (413872.000.000) 07/26 12:35:19 Image size of job updated: 1630516
	996  -  MemoryUsage of job (MB)
	1019692  -  ResidentSetSize of job (KB)
...
006 (413872.000.000) 07/26 12:36:19 Image size of job updated: 1630516
	996  -  MemoryUsage of job (MB)
	1019824  -  ResidentSetSize of job (KB)
...
006 (413872.000.000) 07/26 12:42:24 Image size of job updated: 1630516
	998  -  MemoryUsage of job (MB)
	1021356  -  ResidentSetSize of job (KB)
...
006 (413872.000.000) 07/26 12:43:04 Image size of job updated: 1630516
	1003  -  MemoryUsage of job (MB)
	1026052  -  ResidentSetSize of job (KB)
...
004 (413872.000.000) 07/26 12:43:04 Job was evicted.
	(0) Job was not checkpointed.
		Usr 0 00:35:35, Sys 0 00:00:34  -  Run Remote Usage
		Usr 0 00:00:00, Sys 0 00:00:00  -  Run Local Usage
	0  -  Run Bytes Sent By Job
	80159  -  Run Bytes Received By Job
	Partitionable Resources :    Usage  Request Allocated
	   Cpus                 :                 1         1
	   Disk (KB)            :    59372 10000000  10440546
	   Memory (MB)          :     1003    10000     10000
...
009 (413872.000.000) 07/26 12:43:04 Job was aborted by the user.
	via condor_rm (by user mkrohn)
...
000 (413877.000.000) 07/26 12:47:42 Job submitted from host: <131.225.190.76:26909?addrs=131.225.190.76-26909>
...
001 (413877.000.000) 07/26 12:47:56 Job executing on host: <131.225.206.206:40315>
...
006 (413877.000.000) 07/26 12:48:04 Image size of job updated: 363496
	109  -  MemoryUsage of job (MB)
	111228  -  ResidentSetSize of job (KB)
...
006 (413877.000.000) 07/26 12:49:04 Image size of job updated: 1554840
	921  -  MemoryUsage of job (MB)
	943032  -  ResidentSetSize of job (KB)
...
006 (413877.000.000) 07/26 12:51:06 Image size of job updated: 1554996
	922  -  MemoryUsage of job (MB)
	943128  -  ResidentSetSize of job (KB)
...
006 (413877.000.000) 07/26 12:52:07 Image size of job updated: 1554996
	922  -  MemoryUsage of job (MB)
	943136  -  ResidentSetSize of job (KB)
...
006 (413877.000.000) 07/26 12:53:08 Image size of job updated: 1554996
	922  -  MemoryUsage of job (MB)
	943248  -  ResidentSetSize of job (KB)
...
006 (413877.000.000) 07/26 12:54:09 Image size of job updated: 1554996
	922  -  MemoryUsage of job (MB)
	943360  -  ResidentSetSize of job (KB)
...
006 (413877.000.000) 07/26 12:58:11 Image size of job updated: 1554996
	922  -  MemoryUsage of job (MB)
	943368  -  ResidentSetSize of job (KB)
...
006 (413877.000.000) 07/26 12:59:11 Image size of job updated: 1555160
	922  -  MemoryUsage of job (MB)
	943424  -  ResidentSetSize of job (KB)
...
006 (413877.000.000) 07/26 13:00:11 Image size of job updated: 1555160
	922  -  MemoryUsage of job (MB)
	943568  -  ResidentSetSize of job (KB)
...
006 (413877.000.000) 07/26 13:01:11 Image size of job updated: 1555160
	922  -  MemoryUsage of job (MB)
	943704  -  ResidentSetSize of job (KB)
...
006 (413877.000.000) 07/26 13:02:11 Image size of job updated: 1628092
	994  -  MemoryUsage of job (MB)
	1017340  -  ResidentSetSize of job (KB)
...
006 (413877.000.000) 07/26 13:07:15 Image size of job updated: 1628092
	994  -  MemoryUsage of job (MB)
	1017356  -  ResidentSetSize of job (KB)
...
006 (413877.000.000) 07/26 13:09:17 Image size of job updated: 1628092
	1002  -  MemoryUsage of job (MB)
	1025720  -  ResidentSetSize of job (KB)
...
006 (413877.000.000) 07/26 13:14:18 Image size of job updated: 1631496
	1006  -  MemoryUsage of job (MB)
	1029124  -  ResidentSetSize of job (KB)
...
006 (413877.000.000) 07/26 13:51:37 Image size of job updated: 1631496
	1006  -  MemoryUsage of job (MB)
	1029152  -  ResidentSetSize of job (KB)
...
000 (413896.000.000) 07/26 16:36:16 Job submitted from host: <131.225.190.76:26909?addrs=131.225.190.76-26909>
...
001 (413896.000.000) 07/26 18:12:21 Job executing on host: <131.225.191.165:38879>
...
006 (413896.000.000) 07/26 18:12:29 Image size of job updated: 1
	3  -  MemoryUsage of job (MB)
	2472  -  ResidentSetSize of job (KB)
...
006 (413896.000.000) 07/26 18:13:29 Image size of job updated: 1554844
	922  -  MemoryUsage of job (MB)
	943120  -  ResidentSetSize of job (KB)
...
006 (413896.000.000) 07/26 18:16:31 Image size of job updated: 1555000
	922  -  MemoryUsage of job (MB)
	943120  -  ResidentSetSize of job (KB)
...
006 (413896.000.000) 07/26 18:19:34 Image size of job updated: 1555152
	922  -  MemoryUsage of job (MB)
	943120  -  ResidentSetSize of job (KB)
...
006 (413896.000.000) 07/26 18:30:38 Image size of job updated: 1628152
	922  -  MemoryUsage of job (MB)
	943120  -  ResidentSetSize of job (KB)
...
006 (413896.000.000) 07/26 18:47:48 Image size of job updated: 1631556
	922  -  MemoryUsage of job (MB)
	943120  -  ResidentSetSize of job (KB)
...
006 (413896.000.000) 07/26 18:52:48 Image size of job updated: 1631556
	923  -  MemoryUsage of job (MB)
	945076  -  ResidentSetSize of job (KB)
...
006 (413896.000.000) 07/26 18:53:48 Image size of job updated: 1631556
	929  -  MemoryUsage of job (MB)
	951200  -  ResidentSetSize of job (KB)
...
005 (413877.000.000) 07/26 18:58:54 Job terminated.
	(1) Normal termination (return value 0)
		Usr 0 05:44:20, Sys 0 00:05:17  -  Run Remote Usage
		Usr 0 00:00:00, Sys 0 00:00:00  -  Run Local Usage
		Usr 0 05:44:20, Sys 0 00:05:17  -  Total Remote Usage
		Usr 0 00:00:00, Sys 0 00:00:00  -  Total Local Usage
	488357  -  Run Bytes Sent By Job
	80265  -  Run Bytes Received By Job
	488357  -  Total Bytes Sent By Job
	80265  -  Total Bytes Received By Job
	Partitionable Resources :    Usage  Request Allocated
	   Cpus                 :                 1         1
	   Disk (KB)            :   920328 10000000  11764704
	   Memory (MB)          :     1006    10000     10000
...
006 (413896.000.000) 07/26 19:35:09 Image size of job updated: 1631556
	929  -  MemoryUsage of job (MB)
	951228  -  ResidentSetSize of job (KB)
...
006 (413896.000.000) 07/26 19:47:16 Image size of job updated: 1631556
	929  -  MemoryUsage of job (MB)
	951232  -  ResidentSetSize of job (KB)
...
005 (413896.000.000) 07/27 02:06:35 Job terminated.
	(1) Normal termination (return value 0)
		Usr 0 07:25:41, Sys 0 00:08:14  -  Run Remote Usage
		Usr 0 00:00:00, Sys 0 00:00:00  -  Run Local Usage
		Usr 0 07:25:41, Sys 0 00:08:14  -  Total Remote Usage
		Usr 0 00:00:00, Sys 0 00:00:00  -  Total Local Usage
	488448  -  Run Bytes Sent By Job
	80271  -  Run Bytes Received By Job
	488448  -  Total Bytes Sent By Job
	80271  -  Total Bytes Received By Job
	Partitionable Resources :    Usage  Request Allocated
	   Cpus                 :                 1         1
	   Disk (KB)            :   920329 10000000  15676842
	   Memory (MB)          :      929    10000     10000
...
000 (413976.000.000) 07/29 19:20:41 Job submitted from host: <131.225.190.76:26909?addrs=131.225.190.76-26909>
...
001 (413976.000.000) 07/29 19:25:05 Job executing on host: <131.225.205.167:59217>
...
006 (413976.000.000) 07/29 19:25:13 Image size of job updated: 129036
	7  -  MemoryUsage of job (MB)
	6968  -  ResidentSetSize of job (KB)
...
006 (413976.000.000) 07/29 19:26:13 Image size of job updated: 1554928
	922  -  MemoryUsage of job (MB)
	943328  -  ResidentSetSize of job (KB)
...
006 (413976.000.000) 07/29 19:27:13 Image size of job updated: 1554928
	922  -  MemoryUsage of job (MB)
	943384  -  ResidentSetSize of job (KB)
...
006 (413976.000.000) 07/29 19:29:13 Image size of job updated: 1554928
	922  -  MemoryUsage of job (MB)
	943428  -  ResidentSetSize of job (KB)
...
006 (413976.000.000) 07/29 19:30:14 Image size of job updated: 1555080
	922  -  MemoryUsage of job (MB)
	943504  -  ResidentSetSize of job (KB)
...
006 (413976.000.000) 07/29 19:32:16 Image size of job updated: 1555080
	922  -  MemoryUsage of job (MB)
	943592  -  ResidentSetSize of job (KB)
...
006 (413976.000.000) 07/29 19:34:18 Image size of job updated: 1555080
	922  -  MemoryUsage of job (MB)
	943708  -  ResidentSetSize of job (KB)
...
006 (413976.000.000) 07/29 19:39:20 Image size of job updated: 1555080
	922  -  MemoryUsage of job (MB)
	943728  -  ResidentSetSize of job (KB)
...
006 (413976.000.000) 07/29 19:41:20 Image size of job updated: 1555080
	922  -  MemoryUsage of job (MB)
	943788  -  ResidentSetSize of job (KB)
...
006 (413976.000.000) 07/29 19:42:20 Image size of job updated: 1555080
	922  -  MemoryUsage of job (MB)
	943940  -  ResidentSetSize of job (KB)
...
006 (413976.000.000) 07/29 19:43:21 Image size of job updated: 1555080
	922  -  MemoryUsage of job (MB)
	943944  -  ResidentSetSize of job (KB)
...
006 (413976.000.000) 07/29 19:45:23 Image size of job updated: 1628076
	994  -  MemoryUsage of job (MB)
	1016976  -  ResidentSetSize of job (KB)
...
006 (413976.000.000) 07/29 19:53:26 Image size of job updated: 1628076
	994  -  MemoryUsage of job (MB)
	1016980  -  ResidentSetSize of job (KB)
...
006 (413976.000.000) 07/29 20:04:33 Image size of job updated: 1631480
	997  -  MemoryUsage of job (MB)
	1020384  -  ResidentSetSize of job (KB)
...
006 (413976.000.000) 07/29 21:06:06 Image size of job updated: 1631480
	997  -  MemoryUsage of job (MB)
	1020412  -  ResidentSetSize of job (KB)
...
006 (413976.000.000) 07/29 21:22:14 Image size of job updated: 1631480
	997  -  MemoryUsage of job (MB)
	1020416  -  ResidentSetSize of job (KB)
...
006 (413976.000.000) 07/29 21:23:14 Image size of job updated: 1631480
	997  -  MemoryUsage of job (MB)
	1020428  -  ResidentSetSize of job (KB)
...
006 (413976.000.000) 07/29 21:36:21 Image size of job updated: 1631480
	997  -  MemoryUsage of job (MB)
	1020508  -  ResidentSetSize of job (KB)
...
006 (413976.000.000) 07/29 22:44:57 Image size of job updated: 1631480
	997  -  MemoryUsage of job (MB)
	1020820  -  ResidentSetSize of job (KB)
...
006 (413976.000.000) 07/29 22:45:58 Image size of job updated: 1631480
	997  -  MemoryUsage of job (MB)
	1020876  -  ResidentSetSize of job (KB)
...
006 (413976.000.000) 07/29 22:52:03 Image size of job updated: 1631480
	1000  -  MemoryUsage of job (MB)
	1023396  -  ResidentSetSize of job (KB)
...
006 (413976.000.000) 07/29 22:53:03 Image size of job updated: 1631480
	1006  -  MemoryUsage of job (MB)
	1029132  -  ResidentSetSize of job (KB)
...
005 (413976.000.000) 07/30 04:40:37 Job terminated.
	(1) Normal termination (return value 0)
		Usr 0 08:43:17, Sys 0 00:06:42  -  Run Remote Usage
		Usr 0 00:00:00, Sys 0 00:00:00  -  Run Local Usage
		Usr 0 08:43:17, Sys 0 00:06:42  -  Total Remote Usage
		Usr 0 00:00:00, Sys 0 00:00:00  -  Total Local Usage
	488544  -  Run Bytes Sent By Job
	80293  -  Run Bytes Received By Job
	488544  -  Total Bytes Sent By Job
	80293  -  Total Bytes Received By Job
	Partitionable Resources :    Usage  Request Allocated
	   Cpus                 :                 1         1
	   Disk (KB)            :   942427 10000000  16684984
	   Memory (MB)          :     1006    10000     10000
...
000 (1351735.000.000) 07/31 15:39:59 Job submitted from host: <131.225.190.179:3153?addrs=131.225.190.179-3153>
...
001 (1351735.000.000) 07/31 15:40:18 Job executing on host: <131.225.204.93:60849>
...
006 (1351735.000.000) 07/31 15:40:26 Image size of job updated: 1
	3  -  MemoryUsage of job (MB)
	2468  -  ResidentSetSize of job (KB)
...
006 (1351735.000.000) 07/31 15:41:26 Image size of job updated: 1555024
	922  -  MemoryUsage of job (MB)
	943144  -  ResidentSetSize of job (KB)
...
006 (1351735.000.000) 07/31 15:43:27 Image size of job updated: 1555192
	922  -  MemoryUsage of job (MB)
	943188  -  ResidentSetSize of job (KB)
...
006 (1351735.000.000) 07/31 15:44:28 Image size of job updated: 1555192
	922  -  MemoryUsage of job (MB)
	943240  -  ResidentSetSize of job (KB)
...
006 (1351735.000.000) 07/31 15:45:29 Image size of job updated: 1555192
	922  -  MemoryUsage of job (MB)
	943332  -  ResidentSetSize of job (KB)
...
006 (1351735.000.000) 07/31 15:47:31 Image size of job updated: 1555192
	922  -  MemoryUsage of job (MB)
	943436  -  ResidentSetSize of job (KB)
...
006 (1351735.000.000) 07/31 15:50:34 Image size of job updated: 1555192
	922  -  MemoryUsage of job (MB)
	943452  -  ResidentSetSize of job (KB)
...
006 (1351735.000.000) 07/31 15:52:34 Image size of job updated: 1555332
	922  -  MemoryUsage of job (MB)
	943724  -  ResidentSetSize of job (KB)
...
006 (1351735.000.000) 07/31 15:54:34 Image size of job updated: 1631464
	997  -  MemoryUsage of job (MB)
	1020040  -  ResidentSetSize of job (KB)
...
006 (1351735.000.000) 07/31 16:00:37 Image size of job updated: 1631464
	997  -  MemoryUsage of job (MB)
	1020120  -  ResidentSetSize of job (KB)
...
006 (1351735.000.000) 07/31 16:01:38 Image size of job updated: 1631464
	997  -  MemoryUsage of job (MB)
	1020844  -  ResidentSetSize of job (KB)
...
006 (1351735.000.000) 07/31 16:07:41 Image size of job updated: 1634524
	1000  -  MemoryUsage of job (MB)
	1023792  -  ResidentSetSize of job (KB)
...
006 (1351735.000.000) 07/31 16:08:41 Image size of job updated: 1634524
	1008  -  MemoryUsage of job (MB)
	1031612  -  ResidentSetSize of job (KB)
...
006 (1351735.000.000) 07/31 16:09:41 Image size of job updated: 1634524
	1008  -  MemoryUsage of job (MB)
	1032160  -  ResidentSetSize of job (KB)
...
006 (1351735.000.000) 07/31 16:14:43 Image size of job updated: 1634828
	1009  -  MemoryUsage of job (MB)
	1032516  -  ResidentSetSize of job (KB)
...
006 (1351735.000.000) 07/31 16:19:48 Image size of job updated: 1634992
	1009  -  MemoryUsage of job (MB)
	1032628  -  ResidentSetSize of job (KB)
...
006 (1351735.000.000) 07/31 16:42:58 Image size of job updated: 1634992
	1009  -  MemoryUsage of job (MB)
	1032680  -  ResidentSetSize of job (KB)
...
006 (1351735.000.000) 07/31 16:45:00 Image size of job updated: 1634992
	1009  -  MemoryUsage of job (MB)
	1032708  -  ResidentSetSize of job (KB)
...
006 (1351735.000.000) 07/31 17:30:25 Image size of job updated: 1634992
	1009  -  MemoryUsage of job (MB)
	1032712  -  ResidentSetSize of job (KB)
...
006 (1351735.000.000) 07/31 19:40:31 Image size of job updated: 1634992
	1009  -  MemoryUsage of job (MB)
	1032764  -  ResidentSetSize of job (KB)
...
006 (1351735.000.000) 07/31 21:27:27 Image size of job updated: 1635136
	1009  -  MemoryUsage of job (MB)
	1032800  -  ResidentSetSize of job (KB)
...
006 (1351735.000.000) 07/31 21:50:40 Image size of job updated: 1635136
	1009  -  MemoryUsage of job (MB)
	1032808  -  ResidentSetSize of job (KB)
...
006 (1351735.000.000) 07/31 21:56:28 Image size of job updated: 1635152
	1009  -  MemoryUsage of job (MB)
	1032808  -  ResidentSetSize of job (KB)
...
005 (1351735.000.000) 07/31 21:56:28 Job terminated.
	(1) Normal termination (return value 0)
		Usr 0 05:49:52, Sys 0 00:05:36  -  Run Remote Usage
		Usr 0 00:00:00, Sys 0 00:00:00  -  Run Local Usage
		Usr 0 05:49:52, Sys 0 00:05:36  -  Total Remote Usage
		Usr 0 00:00:00, Sys 0 00:00:00  -  Total Local Usage
	488371  -  Run Bytes Sent By Job
	80869  -  Run Bytes Received By Job
	488371  -  Total Bytes Sent By Job
	80869  -  Total Bytes Received By Job
	Partitionable Resources :    Usage  Request Allocated
	   Cpus                 :                 1         1
	   Disk (KB)            :   947848 10000000  10710834
	   Memory (MB)          :     1009    10000     10000
...
