TT
TT_0.root
--pathIn=root://cmsxrootd.fnal.gov//store/user/mkrohn/HHTo4b/SkimmedHeppy_nTuples/
['root://cmsxrootd.fnal.gov//store/user/mkrohn/HHTo4b/SkimmedHeppy_nTuples/TT_TuneCUETP8M1_13TeV-powheg-pythia8.root']
root://cmsxrootd.fnal.gov//store/user/mkrohn/HHTo4b/SkimmedHeppy_nTuples/TT_TuneCUETP8M1_13TeV-powheg-pythia8.root
Start looping
processing events 1000
processing events 2000
processing events 3000
processing events 4000
processing events 5000
processing events 6000
processing events 7000
processing events 8000
processing events 9000
processing events 10000
processing events 11000
processing events 12000
processing events 13000
processing events 14000
processing events 15000
processing events 16000
processing events 17000
processing events 18000
processing events 19000
processing events 20000
processing events 21000
processing events 22000
processing events 23000
processing events 24000
processing events 25000
processing events 26000
processing events 27000
processing events 28000
processing events 29000
processing events 30000
processing events 31000
processing events 32000
processing events 33000
processing events 34000
processing events 35000
processing events 36000
processing events 37000
processing events 38000
processing events 39000
processing events 40000
processing events 41000
processing events 42000
processing events 43000
processing events 44000
processing events 45000
processing events 46000
processing events 47000
processing events 48000
processing events 49000
processing events 50000
processing events 51000
processing events 52000
processing events 53000
processing events 54000
processing events 55000
processing events 56000
processing events 57000
processing events 58000
processing events 59000
processing events 60000
processing events 61000
processing events 62000
processing events 63000
processing events 64000
processing events 65000
processing events 66000
processing events 67000
processing events 68000
processing events 69000
processing events 70000
processing events 71000
processing events 72000
processing events 73000
processing events 74000
processing events 75000
processing events 76000
processing events 77000
processing events 78000
processing events 79000
processing events 80000
processing events 81000
processing events 82000
processing events 83000
processing events 84000
processing events 85000
processing events 86000
processing events 87000
processing events 88000
processing events 89000
processing events 90000
processing events 91000
processing events 92000
processing events 93000
processing events 94000
processing events 95000
processing events 96000
processing events 97000
processing events 98000
processing events 99000
processing events 100000
processing events 101000
processing events 102000
processing events 103000
processing events 104000
processing events 105000
processing events 106000
processing events 107000
processing events 108000
processing events 109000
processing events 110000
processing events 111000
processing events 112000
processing events 113000
processing events 114000
processing events 115000
processing events 116000
processing events 117000
processing events 118000
processing events 119000
processing events 120000
processing events 121000
processing events 122000
processing events 123000
processing events 124000
processing events 125000
processing events 126000
processing events 127000
processing events 128000
processing events 129000
processing events 130000
processing events 131000
processing events 132000
processing events 133000
processing events 134000
processing events 135000
processing events 136000
processing events 137000
processing events 138000
processing events 139000
processing events 140000
processing events 141000
processing events 142000
processing events 143000
processing events 144000
processing events 145000
processing events 146000
processing events 147000
processing events 148000
processing events 149000
processing events 150000
processing events 151000
processing events 152000
processing events 153000
processing events 154000
processing events 155000
processing events 156000
processing events 157000
processing events 158000
processing events 159000
processing events 160000
processing events 161000
processing events 162000
processing events 163000
processing events 164000
processing events 165000
processing events 166000
processing events 167000
processing events 168000
processing events 169000
processing events 170000
processing events 171000
processing events 172000
processing events 173000
processing events 174000
processing events 175000
processing events 176000
processing events 177000
processing events 178000
processing events 179000
processing events 180000
processing events 181000
processing events 182000
processing events 183000
processing events 184000
processing events 185000
processing events 186000
processing events 187000
processing events 188000
processing events 189000
processing events 190000
processing events 191000
processing events 192000
processing events 193000
processing events 194000
processing events 195000
processing events 196000
processing events 197000
processing events 198000
processing events 199000
processing events 200000
processing events 201000
processing events 202000
processing events 203000
processing events 204000
processing events 205000
processing events 206000
processing events 207000
processing events 208000
processing events 209000
processing events 210000
processing events 211000
processing events 212000
processing events 213000
processing events 214000
processing events 215000
processing events 216000
processing events 217000
processing events 218000
processing events 219000
processing events 220000
processing events 221000
processing events 222000
processing events 223000
processing events 224000
processing events 225000
processing events 226000
processing events 227000
processing events 228000
processing events 229000
processing events 230000
processing events 231000
processing events 232000
processing events 233000
processing events 234000
processing events 235000
processing events 236000
processing events 237000
processing events 238000
processing events 239000
processing events 240000
processing events 241000
processing events 242000
processing events 243000
processing events 244000
processing events 245000
processing events 246000
processing events 247000
processing events 248000
processing events 249000
processing events 250000
processing events 251000
processing events 252000
processing events 253000
processing events 254000
processing events 255000
processing events 256000
processing events 257000
processing events 258000
processing events 259000
processing events 260000
processing events 261000
processing events 262000
processing events 263000
processing events 264000
processing events 265000
processing events 266000
processing events 267000
processing events 268000
processing events 269000
processing events 270000
processing events 271000
processing events 272000
processing events 273000
processing events 274000
processing events 275000
processing events 276000
processing events 277000
processing events 278000
processing events 279000
processing events 280000
processing events 281000
processing events 282000
processing events 283000
processing events 284000
processing events 285000
processing events 286000
processing events 287000
processing events 288000
processing events 289000
processing events 290000
processing events 291000
processing events 292000
processing events 293000
processing events 294000
processing events 295000
processing events 296000
processing events 297000
processing events 298000
processing events 299000
processing events 300000
processing events 301000
processing events 302000
processing events 303000
processing events 304000
processing events 305000
processing events 306000
processing events 307000
processing events 308000
processing events 309000
processing events 310000
processing events 311000
processing events 312000
processing events 313000
processing events 314000
processing events 315000
processing events 316000
processing events 317000
processing events 318000
processing events 319000
processing events 320000
processing events 321000
processing events 322000
processing events 323000
processing events 324000
processing events 325000
processing events 326000
processing events 327000
processing events 328000
processing events 329000
processing events 330000
processing events 331000
processing events 332000
processing events 333000
processing events 334000
processing events 335000
processing events 336000
processing events 337000
processing events 338000
processing events 339000
processing events 340000
processing events 341000
processing events 342000
processing events 343000
processing events 344000
processing events 345000
processing events 346000
processing events 347000
processing events 348000
processing events 349000
processing events 350000
processing events 351000
processing events 352000
processing events 353000
processing events 354000
processing events 355000
processing events 356000
processing events 357000
processing events 358000
processing events 359000
processing events 360000
processing events 361000
processing events 362000
processing events 363000
processing events 364000
processing events 365000
processing events 366000
processing events 367000
processing events 368000
processing events 369000
processing events 370000
processing events 371000
processing events 372000
processing events 373000
processing events 374000
processing events 375000
