000 (413884.000.000) 07/26 12:56:51 Job submitted from host: <131.225.190.76:26909?addrs=131.225.190.76-26909>
...
001 (413884.000.000) 07/26 12:57:09 Job executing on host: <131.225.191.148:43686>
...
006 (413884.000.000) 07/26 12:57:17 Image size of job updated: 100156
	3  -  MemoryUsage of job (MB)
	2544  -  ResidentSetSize of job (KB)
...
006 (413884.000.000) 07/26 12:58:17 Image size of job updated: 881716
	267  -  MemoryUsage of job (MB)
	272516  -  ResidentSetSize of job (KB)
...
006 (413884.000.000) 07/26 12:59:17 Image size of job updated: 883912
	269  -  MemoryUsage of job (MB)
	275292  -  ResidentSetSize of job (KB)
...
006 (413884.000.000) 07/26 13:00:17 Image size of job updated: 883912
	270  -  MemoryUsage of job (MB)
	275980  -  ResidentSetSize of job (KB)
...
005 (413884.000.000) 07/26 13:00:26 Job terminated.
	(1) Normal termination (return value 0)
		Usr 0 00:02:33, Sys 0 00:00:01  -  Run Remote Usage
		Usr 0 00:00:00, Sys 0 00:00:00  -  Run Local Usage
		Usr 0 00:02:33, Sys 0 00:00:01  -  Total Remote Usage
		Usr 0 00:00:00, Sys 0 00:00:00  -  Total Local Usage
	6433  -  Run Bytes Sent By Job
	80235  -  Run Bytes Received By Job
	6433  -  Total Bytes Sent By Job
	80235  -  Total Bytes Received By Job
	Partitionable Resources :    Usage  Request Allocated
	   Cpus                 :                 1         1
	   Disk (KB)            :      573 10000000  11711608
	   Memory (MB)          :      270    10000     10000
...
000 (413900.000.000) 07/26 16:36:41 Job submitted from host: <131.225.190.76:26909?addrs=131.225.190.76-26909>
...
001 (413900.000.000) 07/26 18:12:21 Job executing on host: <131.225.191.77:45053>
...
006 (413900.000.000) 07/26 18:12:29 Image size of job updated: 1
	3  -  MemoryUsage of job (MB)
	2468  -  ResidentSetSize of job (KB)
...
006 (413900.000.000) 07/26 18:13:29 Image size of job updated: 881664
	191  -  MemoryUsage of job (MB)
	195184  -  ResidentSetSize of job (KB)
...
006 (413900.000.000) 07/26 18:14:29 Image size of job updated: 883636
	194  -  MemoryUsage of job (MB)
	198252  -  ResidentSetSize of job (KB)
...
006 (413900.000.000) 07/26 18:15:30 Image size of job updated: 883912
	195  -  MemoryUsage of job (MB)
	198892  -  ResidentSetSize of job (KB)
...
006 (413900.000.000) 07/26 18:16:31 Image size of job updated: 883912
	195  -  MemoryUsage of job (MB)
	199336  -  ResidentSetSize of job (KB)
...
005 (413900.000.000) 07/26 18:16:59 Job terminated.
	(1) Normal termination (return value 0)
		Usr 0 00:03:13, Sys 0 00:00:02  -  Run Remote Usage
		Usr 0 00:00:00, Sys 0 00:00:00  -  Run Local Usage
		Usr 0 00:03:13, Sys 0 00:00:02  -  Total Remote Usage
		Usr 0 00:00:00, Sys 0 00:00:00  -  Total Local Usage
	6433  -  Run Bytes Sent By Job
	80241  -  Run Bytes Received By Job
	6433  -  Total Bytes Sent By Job
	80241  -  Total Bytes Received By Job
	Partitionable Resources :    Usage  Request Allocated
	   Cpus                 :                 1         1
	   Disk (KB)            :      574 10000000  15751498
	   Memory (MB)          :      195    10000     10000
...
