000 (413885.000.000) 07/26 12:59:06 Job submitted from host: <131.225.190.76:26909?addrs=131.225.190.76-26909>
...
001 (413885.000.000) 07/26 12:59:23 Job executing on host: <131.225.190.36:44039>
...
006 (413885.000.000) 07/26 12:59:31 Image size of job updated: 322364
	24  -  MemoryUsage of job (MB)
	23664  -  ResidentSetSize of job (KB)
...
006 (413885.000.000) 07/26 13:00:31 Image size of job updated: 892788
	270  -  MemoryUsage of job (MB)
	275960  -  ResidentSetSize of job (KB)
...
006 (413885.000.000) 07/26 13:01:31 Image size of job updated: 892844
	271  -  MemoryUsage of job (MB)
	276524  -  ResidentSetSize of job (KB)
...
006 (413885.000.000) 07/26 13:02:31 Image size of job updated: 893008
	271  -  MemoryUsage of job (MB)
	277316  -  ResidentSetSize of job (KB)
...
006 (413885.000.000) 07/26 13:03:31 Image size of job updated: 893008
	272  -  MemoryUsage of job (MB)
	277604  -  ResidentSetSize of job (KB)
...
005 (413885.000.000) 07/26 13:04:30 Job terminated.
	(1) Normal termination (return value 0)
		Usr 0 00:04:29, Sys 0 00:00:04  -  Run Remote Usage
		Usr 0 00:00:00, Sys 0 00:00:00  -  Run Local Usage
		Usr 0 00:04:29, Sys 0 00:00:04  -  Total Remote Usage
		Usr 0 00:00:00, Sys 0 00:00:00  -  Total Local Usage
	7600  -  Run Bytes Sent By Job
	80235  -  Run Bytes Received By Job
	7600  -  Total Bytes Sent By Job
	80235  -  Total Bytes Received By Job
	Partitionable Resources :    Usage  Request Allocated
	   Cpus                 :                 1         1
	   Disk (KB)            :     2039 10000000  15905118
	   Memory (MB)          :      272    10000     10000
...
000 (413901.000.000) 07/26 16:36:46 Job submitted from host: <131.225.190.76:26909?addrs=131.225.190.76-26909>
...
001 (413901.000.000) 07/26 18:12:19 Job executing on host: <131.225.205.186:38550>
...
006 (413901.000.000) 07/26 18:12:28 Image size of job updated: 470352
	202  -  MemoryUsage of job (MB)
	206764  -  ResidentSetSize of job (KB)
...
006 (413901.000.000) 07/26 18:13:29 Image size of job updated: 892768
	202  -  MemoryUsage of job (MB)
	206764  -  ResidentSetSize of job (KB)
...
006 (413901.000.000) 07/26 18:14:29 Image size of job updated: 892824
	202  -  MemoryUsage of job (MB)
	206764  -  ResidentSetSize of job (KB)
...
006 (413901.000.000) 07/26 18:15:29 Image size of job updated: 893168
	202  -  MemoryUsage of job (MB)
	206764  -  ResidentSetSize of job (KB)
...
005 (413901.000.000) 07/26 18:18:22 Job terminated.
	(1) Normal termination (return value 0)
		Usr 0 00:05:04, Sys 0 00:00:09  -  Run Remote Usage
		Usr 0 00:00:00, Sys 0 00:00:00  -  Run Local Usage
		Usr 0 00:05:04, Sys 0 00:00:09  -  Total Remote Usage
		Usr 0 00:00:00, Sys 0 00:00:00  -  Total Local Usage
	7600  -  Run Bytes Sent By Job
	80241  -  Run Bytes Received By Job
	7600  -  Total Bytes Sent By Job
	80241  -  Total Bytes Received By Job
	Partitionable Resources :    Usage  Request Allocated
	   Cpus                 :                 1         1
	   Disk (KB)            :     2038 10000000  17099412
	   Memory (MB)          :      202    10000     10000
...
000 (413963.000.000) 07/29 15:29:48 Job submitted from host: <131.225.190.76:26909?addrs=131.225.190.76-26909>
...
001 (413963.000.000) 07/29 15:29:59 Job executing on host: <131.225.204.82:44116>
...
006 (413963.000.000) 07/29 15:30:07 Image size of job updated: 376164
	103  -  MemoryUsage of job (MB)
	104892  -  ResidentSetSize of job (KB)
...
006 (413963.000.000) 07/29 15:31:07 Image size of job updated: 892820
	270  -  MemoryUsage of job (MB)
	276212  -  ResidentSetSize of job (KB)
...
006 (413963.000.000) 07/29 15:32:07 Image size of job updated: 892976
	271  -  MemoryUsage of job (MB)
	277136  -  ResidentSetSize of job (KB)
...
006 (413963.000.000) 07/29 15:33:07 Image size of job updated: 892976
	272  -  MemoryUsage of job (MB)
	277668  -  ResidentSetSize of job (KB)
...
005 (413963.000.000) 07/29 15:33:54 Job terminated.
	(1) Normal termination (return value 0)
		Usr 0 00:03:31, Sys 0 00:00:02  -  Run Remote Usage
		Usr 0 00:00:00, Sys 0 00:00:00  -  Run Local Usage
		Usr 0 00:03:31, Sys 0 00:00:02  -  Total Remote Usage
		Usr 0 00:00:00, Sys 0 00:00:00  -  Total Local Usage
	5582590  -  Run Bytes Sent By Job
	80308  -  Run Bytes Received By Job
	5582590  -  Total Bytes Sent By Job
	80308  -  Total Bytes Received By Job
	Partitionable Resources :    Usage  Request Allocated
	   Cpus                 :                 1         1
	   Disk (KB)            :     7482 10000000  10498761
	   Memory (MB)          :      272    10000     10000
...
000 (413964.000.000) 07/29 15:49:58 Job submitted from host: <131.225.190.76:26909?addrs=131.225.190.76-26909>
...
001 (413964.000.000) 07/29 15:50:16 Job executing on host: <131.225.204.82:44116>
...
006 (413964.000.000) 07/29 15:50:25 Image size of job updated: 453584
	182  -  MemoryUsage of job (MB)
	186212  -  ResidentSetSize of job (KB)
...
006 (413964.000.000) 07/29 15:51:26 Image size of job updated: 892824
	270  -  MemoryUsage of job (MB)
	276256  -  ResidentSetSize of job (KB)
...
006 (413964.000.000) 07/29 15:52:27 Image size of job updated: 893168
	271  -  MemoryUsage of job (MB)
	277216  -  ResidentSetSize of job (KB)
...
006 (413964.000.000) 07/29 15:53:28 Image size of job updated: 893168
	272  -  MemoryUsage of job (MB)
	277704  -  ResidentSetSize of job (KB)
...
005 (413964.000.000) 07/29 15:54:03 Job terminated.
	(1) Normal termination (return value 0)
		Usr 0 00:03:18, Sys 0 00:00:01  -  Run Remote Usage
		Usr 0 00:00:00, Sys 0 00:00:00  -  Run Local Usage
		Usr 0 00:03:18, Sys 0 00:00:01  -  Total Remote Usage
		Usr 0 00:00:00, Sys 0 00:00:00  -  Total Local Usage
	143302  -  Run Bytes Sent By Job
	80330  -  Run Bytes Received By Job
	143302  -  Total Bytes Sent By Job
	80330  -  Total Bytes Received By Job
	Partitionable Resources :    Usage  Request Allocated
	   Cpus                 :                 1         1
	   Disk (KB)            :     2170 10000000  10498005
	   Memory (MB)          :      272    10000     10000
...
000 (413965.000.000) 07/29 16:00:07 Job submitted from host: <131.225.190.76:26909?addrs=131.225.190.76-26909>
...
001 (413965.000.000) 07/29 16:00:20 Job executing on host: <131.225.204.82:44116>
...
006 (413965.000.000) 07/29 16:00:28 Image size of job updated: 1
	3  -  MemoryUsage of job (MB)
	2472  -  ResidentSetSize of job (KB)
...
006 (413965.000.000) 07/29 16:01:28 Image size of job updated: 892828
	271  -  MemoryUsage of job (MB)
	276520  -  ResidentSetSize of job (KB)
...
006 (413965.000.000) 07/29 16:02:28 Image size of job updated: 893168
	271  -  MemoryUsage of job (MB)
	277436  -  ResidentSetSize of job (KB)
...
006 (413965.000.000) 07/29 16:03:28 Image size of job updated: 893168
	272  -  MemoryUsage of job (MB)
	278020  -  ResidentSetSize of job (KB)
...
005 (413965.000.000) 07/29 16:04:18 Job terminated.
	(1) Normal termination (return value 0)
		Usr 0 00:03:22, Sys 0 00:00:01  -  Run Remote Usage
		Usr 0 00:00:00, Sys 0 00:00:00  -  Run Local Usage
		Usr 0 00:03:22, Sys 0 00:00:01  -  Total Remote Usage
		Usr 0 00:00:00, Sys 0 00:00:00  -  Total Local Usage
	317772  -  Run Bytes Sent By Job
	80333  -  Run Bytes Received By Job
	317772  -  Total Bytes Sent By Job
	80333  -  Total Bytes Received By Job
	Partitionable Resources :    Usage  Request Allocated
	   Cpus                 :                 1         1
	   Disk (KB)            :     2374 10000000  10498005
	   Memory (MB)          :      272    10000     10000
...
000 (413966.000.000) 07/29 16:11:53 Job submitted from host: <131.225.190.76:26909?addrs=131.225.190.76-26909>
...
000 (488530.000.000) 07/29 16:20:15 Job submitted from host: <131.225.189.230:59378?addrs=131.225.189.230-59378>
...
001 (413966.000.000) 07/29 17:30:00 Job executing on host: <131.225.207.118:30506?addrs=131.225.207.118-30506>
...
006 (413966.000.000) 07/29 17:30:08 Image size of job updated: 1
	3  -  MemoryUsage of job (MB)
	2432  -  ResidentSetSize of job (KB)
...
006 (413966.000.000) 07/29 17:31:08 Image size of job updated: 892800
	270  -  MemoryUsage of job (MB)
	276164  -  ResidentSetSize of job (KB)
...
006 (413966.000.000) 07/29 17:32:08 Image size of job updated: 893144
	271  -  MemoryUsage of job (MB)
	277004  -  ResidentSetSize of job (KB)
...
006 (413966.000.000) 07/29 17:33:09 Image size of job updated: 893144
	272  -  MemoryUsage of job (MB)
	277732  -  ResidentSetSize of job (KB)
...
009 (488530.000.000) 07/29 17:33:50 Job was aborted by the user.
	via condor_rm (by user mkrohn)
...
006 (413966.000.000) 07/29 17:34:10 Image size of job updated: 893144
	272  -  MemoryUsage of job (MB)
	277736  -  ResidentSetSize of job (KB)
...
005 (413966.000.000) 07/29 17:34:10 Job terminated.
	(1) Normal termination (return value 0)
		Usr 0 00:03:22, Sys 0 00:00:02  -  Run Remote Usage
		Usr 0 00:00:00, Sys 0 00:00:00  -  Run Local Usage
		Usr 0 00:03:22, Sys 0 00:00:02  -  Total Remote Usage
		Usr 0 00:00:00, Sys 0 00:00:00  -  Total Local Usage
	317786  -  Run Bytes Sent By Job
	80306  -  Run Bytes Received By Job
	317786  -  Total Bytes Sent By Job
	80306  -  Total Bytes Received By Job
	Partitionable Resources :    Usage  Request Allocated
	   Cpus                 :                 1         1
	   Disk (KB)            :     2375 10000000  10475043
	   Memory (MB)          :      272    10000     10000
...
000 (413967.000.000) 07/29 17:54:38 Job submitted from host: <131.225.190.76:26909?addrs=131.225.190.76-26909>
...
001 (413967.000.000) 07/29 18:27:49 Job executing on host: <131.225.207.41:49183>
...
006 (413967.000.000) 07/29 18:27:57 Image size of job updated: 1
	3  -  MemoryUsage of job (MB)
	2468  -  ResidentSetSize of job (KB)
...
006 (413967.000.000) 07/29 18:28:57 Image size of job updated: 892808
	270  -  MemoryUsage of job (MB)
	276324  -  ResidentSetSize of job (KB)
...
006 (413967.000.000) 07/29 18:29:57 Image size of job updated: 892972
	271  -  MemoryUsage of job (MB)
	277236  -  ResidentSetSize of job (KB)
...
006 (413967.000.000) 07/29 18:30:58 Image size of job updated: 892972
	272  -  MemoryUsage of job (MB)
	277788  -  ResidentSetSize of job (KB)
...
005 (413967.000.000) 07/29 18:31:41 Job terminated.
	(1) Normal termination (return value 0)
		Usr 0 00:03:26, Sys 0 00:00:02  -  Run Remote Usage
		Usr 0 00:00:00, Sys 0 00:00:00  -  Run Local Usage
		Usr 0 00:03:26, Sys 0 00:00:02  -  Total Remote Usage
		Usr 0 00:00:00, Sys 0 00:00:00  -  Total Local Usage
	317772  -  Run Bytes Sent By Job
	80307  -  Run Bytes Received By Job
	317772  -  Total Bytes Sent By Job
	80307  -  Total Bytes Received By Job
	Partitionable Resources :    Usage  Request Allocated
	   Cpus                 :                 1         1
	   Disk (KB)            :     2340 10000000  10659750
	   Memory (MB)          :      272    10000     10000
...
000 (413968.000.000) 07/29 18:39:52 Job submitted from host: <131.225.190.76:26909?addrs=131.225.190.76-26909>
...
001 (413968.000.000) 07/29 18:40:04 Job executing on host: <131.225.204.106:56235>
...
006 (413968.000.000) 07/29 18:40:05 Image size of job updated: 1
	0  -  MemoryUsage of job (MB)
	0  -  ResidentSetSize of job (KB)
...
005 (413968.000.000) 07/29 18:40:05 Job terminated.
	(1) Normal termination (return value 2)
		Usr 0 00:00:00, Sys 0 00:00:00  -  Run Remote Usage
		Usr 0 00:00:00, Sys 0 00:00:00  -  Run Local Usage
		Usr 0 00:00:00, Sys 0 00:00:00  -  Total Remote Usage
		Usr 0 00:00:00, Sys 0 00:00:00  -  Total Local Usage
	443  -  Run Bytes Sent By Job
	37508  -  Run Bytes Received By Job
	443  -  Total Bytes Sent By Job
	37508  -  Total Bytes Received By Job
	Partitionable Resources :    Usage  Request Allocated
	   Cpus                 :                 1         1
	   Disk (KB)            :      479 10000000  10562469
	   Memory (MB)          :        0    10000     10000
...
000 (413969.000.000) 07/29 18:45:37 Job submitted from host: <131.225.190.76:26909?addrs=131.225.190.76-26909>
...
001 (413969.000.000) 07/29 18:45:42 Job executing on host: <131.225.206.221:51802>
...
006 (413969.000.000) 07/29 18:45:51 Image size of job updated: 1
	3  -  MemoryUsage of job (MB)
	2468  -  ResidentSetSize of job (KB)
...
006 (413969.000.000) 07/29 18:46:52 Image size of job updated: 892772
	270  -  MemoryUsage of job (MB)
	276176  -  ResidentSetSize of job (KB)
...
006 (413969.000.000) 07/29 18:47:53 Image size of job updated: 892984
	271  -  MemoryUsage of job (MB)
	277096  -  ResidentSetSize of job (KB)
...
006 (413969.000.000) 07/29 18:48:54 Image size of job updated: 892984
	272  -  MemoryUsage of job (MB)
	277784  -  ResidentSetSize of job (KB)
...
006 (413969.000.000) 07/29 18:49:54 Image size of job updated: 892984
	272  -  MemoryUsage of job (MB)
	278044  -  ResidentSetSize of job (KB)
...
005 (413969.000.000) 07/29 18:50:02 Job terminated.
	(1) Normal termination (return value 0)
		Usr 0 00:03:27, Sys 0 00:00:02  -  Run Remote Usage
		Usr 0 00:00:00, Sys 0 00:00:00  -  Run Local Usage
		Usr 0 00:03:27, Sys 0 00:00:02  -  Total Remote Usage
		Usr 0 00:00:00, Sys 0 00:00:00  -  Total Local Usage
	317772  -  Run Bytes Sent By Job
	80307  -  Run Bytes Received By Job
	317772  -  Total Bytes Sent By Job
	80307  -  Total Bytes Received By Job
	Partitionable Resources :    Usage  Request Allocated
	   Cpus                 :                 1         1
	   Disk (KB)            :     2340 10000000  11418408
	   Memory (MB)          :      272    10000     10000
...
000 (413970.000.000) 07/29 19:04:55 Job submitted from host: <131.225.190.76:26909?addrs=131.225.190.76-26909>
...
001 (413970.000.000) 07/29 19:09:41 Job executing on host: <131.225.207.91:45921>
...
006 (413970.000.000) 07/29 19:09:50 Image size of job updated: 418900
	138  -  MemoryUsage of job (MB)
	140780  -  ResidentSetSize of job (KB)
...
006 (413970.000.000) 07/29 19:10:51 Image size of job updated: 892832
	270  -  MemoryUsage of job (MB)
	276092  -  ResidentSetSize of job (KB)
...
006 (413970.000.000) 07/29 19:11:52 Image size of job updated: 893172
	271  -  MemoryUsage of job (MB)
	277012  -  ResidentSetSize of job (KB)
...
006 (413970.000.000) 07/29 19:12:53 Image size of job updated: 893172
	272  -  MemoryUsage of job (MB)
	277604  -  ResidentSetSize of job (KB)
...
005 (413970.000.000) 07/29 19:13:45 Job terminated.
	(1) Normal termination (return value 0)
		Usr 0 00:03:22, Sys 0 00:00:02  -  Run Remote Usage
		Usr 0 00:00:00, Sys 0 00:00:00  -  Run Local Usage
		Usr 0 00:03:22, Sys 0 00:00:02  -  Total Remote Usage
		Usr 0 00:00:00, Sys 0 00:00:00  -  Total Local Usage
	7600  -  Run Bytes Sent By Job
	80263  -  Run Bytes Received By Job
	7600  -  Total Bytes Sent By Job
	80263  -  Total Bytes Received By Job
	Partitionable Resources :    Usage  Request Allocated
	   Cpus                 :                 1         1
	   Disk (KB)            :     2072 10000000  10580298
	   Memory (MB)          :      272    10000     10000
...
000 (413971.000.000) 07/29 19:16:52 Job submitted from host: <131.225.190.76:26909?addrs=131.225.190.76-26909>
...
001 (413971.000.000) 07/29 19:17:03 Job executing on host: <131.225.206.128:33275>
...
006 (413971.000.000) 07/29 19:17:09 Image size of job updated: 183808
	0  -  MemoryUsage of job (MB)
	0  -  ResidentSetSize of job (KB)
...
004 (413971.000.000) 07/29 19:17:09 Job was evicted.
	(0) Job was not checkpointed.
		Usr 0 00:00:00, Sys 0 00:00:00  -  Run Remote Usage
		Usr 0 00:00:00, Sys 0 00:00:00  -  Run Local Usage
	0  -  Run Bytes Sent By Job
	80263  -  Run Bytes Received By Job
	Partitionable Resources :    Usage  Request Allocated
	   Cpus                 :                 1         1
	   Disk (KB)            :      562 10000000  10418943
	   Memory (MB)          :        0    10000     10000
...
009 (413971.000.000) 07/29 19:17:09 Job was aborted by the user.
	via condor_rm (by user mkrohn)
...
000 (1351739.000.000) 07/31 15:40:18 Job submitted from host: <131.225.190.179:3153?addrs=131.225.190.179-3153>
...
001 (1351739.000.000) 07/31 15:40:39 Job executing on host: <131.225.204.96:49165>
...
006 (1351739.000.000) 07/31 15:40:47 Image size of job updated: 1
	3  -  MemoryUsage of job (MB)
	2472  -  ResidentSetSize of job (KB)
...
005 (1351739.000.000) 07/31 15:40:49 Job terminated.
	(1) Normal termination (return value 0)
		Usr 0 00:00:00, Sys 0 00:00:00  -  Run Remote Usage
		Usr 0 00:00:00, Sys 0 00:00:00  -  Run Local Usage
		Usr 0 00:00:00, Sys 0 00:00:00  -  Total Remote Usage
		Usr 0 00:00:00, Sys 0 00:00:00  -  Total Local Usage
	2869  -  Run Bytes Sent By Job
	80839  -  Run Bytes Received By Job
	2869  -  Total Bytes Sent By Job
	80839  -  Total Bytes Received By Job
	Partitionable Resources :    Usage  Request Allocated
	   Cpus                 :                 1         1
	   Disk (KB)            :      566 10000000  10691517
	   Memory (MB)          :        3    10000     10000
...
