000 (413886.000.000) 07/26 13:04:36 Job submitted from host: <131.225.190.76:26909?addrs=131.225.190.76-26909>
...
001 (413886.000.000) 07/26 13:04:50 Job executing on host: <131.225.207.118:30506?addrs=131.225.207.118-30506>
...
006 (413886.000.000) 07/26 13:04:59 Image size of job updated: 1
	3  -  MemoryUsage of job (MB)
	2432  -  ResidentSetSize of job (KB)
...
006 (413886.000.000) 07/26 13:05:59 Image size of job updated: 890252
	269  -  MemoryUsage of job (MB)
	274868  -  ResidentSetSize of job (KB)
...
006 (413886.000.000) 07/26 13:06:59 Image size of job updated: 890252
	270  -  MemoryUsage of job (MB)
	275536  -  ResidentSetSize of job (KB)
...
005 (413886.000.000) 07/26 13:07:48 Job terminated.
	(1) Normal termination (return value 0)
		Usr 0 00:02:27, Sys 0 00:00:01  -  Run Remote Usage
		Usr 0 00:00:00, Sys 0 00:00:00  -  Run Local Usage
		Usr 0 00:02:27, Sys 0 00:00:01  -  Total Remote Usage
		Usr 0 00:00:00, Sys 0 00:00:00  -  Total Local Usage
	6472  -  Run Bytes Sent By Job
	80236  -  Run Bytes Received By Job
	6472  -  Total Bytes Sent By Job
	80236  -  Total Bytes Received By Job
	Partitionable Resources :    Usage  Request Allocated
	   Cpus                 :                 1         1
	   Disk (KB)            :      590 10000000  10602759
	   Memory (MB)          :      270    10000     10000
...
000 (413902.000.000) 07/26 16:36:51 Job submitted from host: <131.225.190.76:26909?addrs=131.225.190.76-26909>
...
001 (413902.000.000) 07/26 18:12:21 Job executing on host: <131.225.205.186:38550>
...
006 (413902.000.000) 07/26 18:12:29 Image size of job updated: 470484
	202  -  MemoryUsage of job (MB)
	206624  -  ResidentSetSize of job (KB)
...
006 (413902.000.000) 07/26 18:13:29 Image size of job updated: 889872
	202  -  MemoryUsage of job (MB)
	206624  -  ResidentSetSize of job (KB)
...
006 (413902.000.000) 07/26 18:14:29 Image size of job updated: 890436
	202  -  MemoryUsage of job (MB)
	206624  -  ResidentSetSize of job (KB)
...
005 (413902.000.000) 07/26 18:16:41 Job terminated.
	(1) Normal termination (return value 0)
		Usr 0 00:03:42, Sys 0 00:00:03  -  Run Remote Usage
		Usr 0 00:00:00, Sys 0 00:00:00  -  Run Local Usage
		Usr 0 00:03:42, Sys 0 00:00:03  -  Total Remote Usage
		Usr 0 00:00:00, Sys 0 00:00:00  -  Total Local Usage
	6458  -  Run Bytes Sent By Job
	80242  -  Run Bytes Received By Job
	6458  -  Total Bytes Sent By Job
	80242  -  Total Bytes Received By Job
	Partitionable Resources :    Usage  Request Allocated
	   Cpus                 :                 1         1
	   Disk (KB)            :      589 10000000  17099408
	   Memory (MB)          :      202    10000     10000
...
