ZZ
ZZ_0.root
--pathIn=root://cmsxrootd.fnal.gov//store/user/mkrohn/HHTo4b/SkimmedHeppy_nTuples/
['root://cmsxrootd.fnal.gov//store/user/mkrohn/HHTo4b/SkimmedHeppy_nTuples/ZZ_TuneCUETP8M1_13TeV-pythia8.root']
root://cmsxrootd.fnal.gov//store/user/mkrohn/HHTo4b/SkimmedHeppy_nTuples/ZZ_TuneCUETP8M1_13TeV-pythia8.root
Start looping
processing events 1000
processing events 2000
processing events 3000
processing events 4000
processing events 5000
processing events 6000
processing events 7000
processing events 8000
processing events 9000
processing events 10000
processing events 11000
processing events 12000
processing events 13000
processing events 14000
processing events 15000
processing events 16000
processing events 17000
processing events 18000
processing events 19000
processing events 20000
processing events 21000
processing events 22000
processing events 23000
processing events 24000
processing events 25000
processing events 26000
processing events 27000
processing events 28000
processing events 29000
processing events 30000
processing events 31000
processing events 32000
processing events 33000
processing events 34000
processing events 35000
processing events 36000
processing events 37000
processing events 38000
processing events 39000
processing events 40000
processing events 41000
processing events 42000
processing events 43000
processing events 44000
processing events 45000
processing events 46000
processing events 47000
processing events 48000
processing events 49000
processing events 50000
processing events 51000
processing events 52000
processing events 53000
processing events 54000
processing events 55000
processing events 56000
processing events 57000
processing events 58000
processing events 59000
processing events 60000
processing events 61000
processing events 62000
processing events 63000
processing events 64000
processing events 65000
processing events 66000
processing events 67000
processing events 68000
processing events 69000
processing events 70000
processing events 71000
processing events 72000
processing events 73000
processing events 74000
processing events 75000
processing events 76000
processing events 77000
processing events 78000
processing events 79000
processing events 80000
processing events 81000
processing events 82000
processing events 83000
processing events 84000
processing events 85000
processing events 86000
processing events 87000
processing events 88000
processing events 89000
processing events 90000
processing events 91000
processing events 92000
processing events 93000
processing events 94000
processing events 95000
processing events 96000
processing events 97000
processing events 98000
processing events 99000
processing events 100000
processing events 101000
processing events 102000
processing events 103000
processing events 104000
processing events 105000
processing events 106000
processing events 107000
processing events 108000
processing events 109000
processing events 110000
processing events 111000
processing events 112000
processing events 113000
processing events 114000
processing events 115000
processing events 116000
processing events 117000
processing events 118000
processing events 119000
processing events 120000
processing events 121000
processing events 122000
processing events 123000
processing events 124000
processing events 125000
processing events 126000
processing events 127000
processing events 128000
processing events 129000
processing events 130000
processing events 131000
processing events 132000
processing events 133000
processing events 134000
processing events 135000
processing events 136000
processing events 137000
processing events 138000
processing events 139000
processing events 140000
processing events 141000
processing events 142000
processing events 143000
processing events 144000
processing events 145000
processing events 146000
processing events 147000
processing events 148000
